#
# A fatal error has been detected by the Java Runtime Environment:
#
#  SIGSEGV (0xb) at pc=0x000000012a399464, pid=40646, tid=0x0000000000000a0b
#
# JRE version: Java(TM) SE Runtime Environment (8.0_92-b14) (build 1.8.0_92-b14)
# Java VM: Java HotSpot(TM) 64-Bit Server VM (25.92-b14 mixed mode bsd-amd64 compressed oops)
# Problematic frame:
# C  [libjfxwebkit.dylib+0x49f464]  WTF::KeyValuePair<JSC::ClassInfo const*, JSC::WriteBarrier<JSC::Structure> >* WTF::HashTable<JSC::ClassInfo const*, WTF::KeyValuePair<JSC::ClassInfo const*, JSC::WriteBarrier<JSC::Structure> >, WTF::KeyValuePairKeyExtractor<WTF::KeyValuePair<JSC::ClassInfo const*, JSC::WriteBarrier<JSC::Structure> > >, WTF::PtrHash<JSC::ClassInfo const*>, WTF::HashMap<JSC::ClassInfo const*, JSC::WriteBarrier<JSC::Structure>, WTF::PtrHash<JSC::ClassInfo const*>, WTF::HashTraits<JSC::ClassInfo const*>, WTF::HashTraits<JSC::WriteBarrier<JSC::Structure> > >::KeyValuePairTraits, WTF::HashTraits<JSC::ClassInfo const*> >::lookup<WTF::IdentityHashTranslator<WTF::PtrHash<JSC::ClassInfo const*> >, JSC::ClassInfo const*>(JSC::ClassInfo const* const&)+0x4
#
# Failed to write core dump. Core dumps have been disabled. To enable core dumping, try "ulimit -c unlimited" before starting Java again
#
# If you would like to submit a bug report, please visit:
#   http://bugreport.java.com/bugreport/crash.jsp
# The crash happened outside the Java Virtual Machine in native code.
# See problematic frame for where to report the bug.
#

---------------  T H R E A D  ---------------

Current thread (0x00007fee55828000):  JavaThread "JavaFX Application Thread" [_thread_in_native, id=2571, stack(0x00007fff5c544000,0x00007fff5cd44000)]

siginfo: si_signo: 11 (SIGSEGV), si_code: 1 (SEGV_MAPERR), si_addr: 0x0000000000000490

Registers:
RAX=0x00000001237c0000, RBX=0x0000000000000000, RCX=0x0000000000000ca0, RDX=0x00007fee59f10830
RSP=0x00007fff5cd3b7e0, RBP=0x00007fff5cd3b7e0, RSI=0x00007fff5cd3b7f8, RDI=0x0000000000000490
R8 =0x00000000000001ff, R9 =0x000000012ba5b1b8, R10=0x00007fee543caca0, R11=0x00000000804be22d
R12=0x00007fee57a1f200, R13=0x00007fee558281f8, R14=0x00000001237cf4b0, R15=0x00007fee59f10830
RIP=0x000000012a399464, EFLAGS=0x0000000000010206, ERR=0x0000000000000004
  TRAPNO=0x000000000000000e

Top of Stack: (sp=0x00007fff5cd3b7e0)
0x00007fff5cd3b7e0:   00007fff5cd3b800 000000012a3981ec
0x00007fff5cd3b7f0:   00007fff5cd3b810 000000012b912b00
0x00007fff5cd3b800:   00007fff5cd3b860 000000012a34df6b
0x00007fff5cd3b810:   00007fee53e4c420 000000012a3d5834
0x00007fff5cd3b820:   0000000000000000 0000000000000000
0x00007fff5cd3b830:   00007fee57a1f200 00007fee59f10830
0x00007fff5cd3b840:   00007fff5cd3b8c0 00007fee558281f8
0x00007fff5cd3b850:   0000000000000000 00000001237cf4b0
0x00007fff5cd3b860:   00007fff5cd3b8a0 000000012a33d29a
0x00007fff5cd3b870:   00007fee59f10830 000000012ba5b1b8
0x00007fff5cd3b880:   00007fee59f10830 00007fee59f10830
0x00007fff5cd3b890:   0000000000000000 00000001237cf4b0
0x00007fff5cd3b8a0:   00007fff5cd3b8e0 000000012a3b9b8e
0x00007fff5cd3b8b0:   00007fff5cd3b8e0 0000000104513d0f
0x00007fff5cd3b8c0:   0000000000000000 0000000000000002
0x00007fff5cd3b8d0:   00000001237cf4b0 0000000000000000
0x00007fff5cd3b8e0:   00007fff5cd3b970 000000012a963614
0x00007fff5cd3b8f0:   00007fff5cd3b970 00007fee59f1d970
0x00007fff5cd3b900:   00007fff5cd3ba48 00007fee55828000
0x00007fff5cd3b910:   0000000000000000 0000000104524f73
0x00007fff5cd3b920:   0000000000000003 00007fee59f10830
0x00007fff5cd3b930:   00007fee55828000 00007fee558281f8
0x00007fff5cd3b940:   00007fff5cd3b970 0000000000000001
0x00007fff5cd3b950:   00007fee53e4be20 00007fee53ce5420
0x00007fff5cd3b960:   0000000000000003 00007fee558281f8
0x00007fff5cd3b970:   00007fff5cd3ba10 000000012a964e22
0x00007fff5cd3b980:   000000011dad29b0 0000000127b8c430
0x00007fff5cd3b990:   0000000127b85ff0 0000000000000003
0x00007fff5cd3b9a0:   00007fff5cd3ba40 00000001237cf4b0
0x00007fff5cd3b9b0:   00007fee59f1d970 0000000000000000
0x00007fff5cd3b9c0:   0000000000000000 00000001237cf4b0
0x00007fff5cd3b9d0:   0000000127b85ff0 00007fee558281f8 

Instructions: (pc=0x000000012a399464)
0x000000012a399444:   0f 45 cb 48 89 0f c6 47 08 00 eb 07 48 89 0f c6
0x000000012a399454:   47 08 01 48 89 f8 5b 41 5e 5d c3 90 55 48 89 e5
0x000000012a399464:   4c 8b 17 31 c0 4d 85 d2 0f 84 d9 00 00 00 44 8b
0x000000012a399474:   47 0c 4c 8b 0e 4c 89 c8 48 c1 e0 20 48 f7 d0 4c 

Register to memory mapping:

RAX=0x00000001237c0000 is an unknown value
RBX=0x0000000000000000 is an unknown value
RCX=0x0000000000000ca0 is an unknown value
RDX=0x00007fee59f10830 is an unknown value
RSP=0x00007fff5cd3b7e0 is pointing into the stack for thread: 0x00007fee55828000
RBP=0x00007fff5cd3b7e0 is pointing into the stack for thread: 0x00007fee55828000
RSI=0x00007fff5cd3b7f8 is pointing into the stack for thread: 0x00007fee55828000
RDI=0x0000000000000490 is an unknown value
R8 =0x00000000000001ff is an unknown value
R9 =0x000000012ba5b1b8: _ZN7WebCore9HTMLNamesL10canvasDataE+0 in /Library/Java/JavaVirtualMachines/jdk1.8.0_92.jdk/Contents/Home/jre/lib/libjfxwebkit.dylib at 0x0000000129efa000
R10=0x00007fee543caca0 is an unknown value
R11=0x00000000804be22d is an unknown value
R12=0x00007fee57a1f200 is an unknown value
R13=0x00007fee558281f8 is an unknown value
R14=0x00000001237cf4b0 is an unknown value
R15=0x00007fee59f10830 is an unknown value


Stack: [0x00007fff5c544000,0x00007fff5cd44000],  sp=0x00007fff5cd3b7e0,  free space=8157k
Native frames: (J=compiled Java code, j=interpreted, Vv=VM code, C=native code)
C  [libjfxwebkit.dylib+0x49f464]  WTF::KeyValuePair<JSC::ClassInfo const*, JSC::WriteBarrier<JSC::Structure> >* WTF::HashTable<JSC::ClassInfo const*, WTF::KeyValuePair<JSC::ClassInfo const*, JSC::WriteBarrier<JSC::Structure> >, WTF::KeyValuePairKeyExtractor<WTF::KeyValuePair<JSC::ClassInfo const*, JSC::WriteBarrier<JSC::Structure> > >, WTF::PtrHash<JSC::ClassInfo const*>, WTF::HashMap<JSC::ClassInfo const*, JSC::WriteBarrier<JSC::Structure>, WTF::PtrHash<JSC::ClassInfo const*>, WTF::HashTraits<JSC::ClassInfo const*>, WTF::HashTraits<JSC::WriteBarrier<JSC::Structure> > >::KeyValuePairTraits, WTF::HashTraits<JSC::ClassInfo const*> >::lookup<WTF::IdentityHashTranslator<WTF::PtrHash<JSC::ClassInfo const*> >, JSC::ClassInfo const*>(JSC::ClassInfo const* const&)+0x4
C  [libjfxwebkit.dylib+0x49e1ec]  WebCore::getCachedDOMStructure(WebCore::JSDOMGlobalObject*, JSC::ClassInfo const*)+0x1c
C  [libjfxwebkit.dylib+0x453f6b]  WebCore::JSDOMWrapper* WebCore::createWrapper<WebCore::JSHTMLCanvasElement, WebCore::HTMLCanvasElement>(JSC::ExecState*, WebCore::JSDOMGlobalObject*, WebCore::HTMLCanvasElement*)+0x3b
C  [libjfxwebkit.dylib+0x44329a]  WebCore::createJSHTMLWrapper(JSC::ExecState*, WebCore::JSDOMGlobalObject*, WTF::PassRefPtr<WebCore::HTMLElement>)+0xba
C  [libjfxwebkit.dylib+0x4bfb8e]  WebCore::createWrapper(JSC::ExecState*, WebCore::JSDOMGlobalObject*, WebCore::Node*)+0x7e
C  [libjfxwebkit.dylib+0xa69614]  WebCore::Java_Object_to_JSValue(JNIEnv_*, OpaqueJSContext const*, JSC::Bindings::RootObject*, _jobject*, _jobject*)+0x1c4
C  [libjfxwebkit.dylib+0xa6ae22]  Java_com_sun_webkit_dom_JSObject_callImpl+0x1c2
J 2817  com.sun.webkit.dom.JSObject.callImpl(JILjava/lang/String;[Ljava/lang/Object;Ljava/security/AccessControlContext;)Ljava/lang/Object; (0 bytes) @ 0x00000001059f65fe [0x00000001059f6500+0xfe]
J 2816 C1 com.sun.webkit.dom.JSObject.call(Ljava/lang/String;[Ljava/lang/Object;)Ljava/lang/Object; (17 bytes) @ 0x00000001059f5fa4 [0x00000001059f5cc0+0x2e4]
J 2926 C1 org.netbeans.html.boot.fx.AbstractFXPresenter$JSFn.invokeImpl(Ljava/lang/Object;Z[Ljava/lang/Object;)Ljava/lang/Object; (328 bytes) @ 0x0000000105a5a724 [0x0000000105a582a0+0x2484]
J 2927 C1 org.netbeans.html.boot.fx.AbstractFXPresenter$JSFn.invoke(Ljava/lang/Object;[Ljava/lang/Object;)Ljava/lang/Object; (8 bytes) @ 0x0000000105a504fc [0x0000000105a50400+0xfc]
J 2838 C1 org.netbeans.html.boot.spi.Fn.invokeLater(Ljava/lang/Object;[Ljava/lang/Object;)V (8 bytes) @ 0x0000000105a01fc4 [0x0000000105a01ec0+0x104]
j  com.dukescript.impl.canvas.HTML5GraphicsEnvironment.setFillStyleImpl(Ljava/lang/Object;Ljava/lang/Object;)V+68
j  com.dukescript.impl.canvas.HTML5GraphicsEnvironment.setFillStyle(Ljava/lang/Object;Lcom/dukescript/api/canvas/Style;Ljava/lang/Object;)Ljava/lang/Object;+14
j  com.dukescript.api.canvas.GraphicsContext2DImpl.setFillStyle(Lcom/dukescript/api/canvas/Style;)V+13
j  com.dukescript.starwars.DataModel.onPageLoad()V+45
j  com.dukescript.starwars.Main.onPageLoad()V+0
v  ~StubRoutines::call_stub
V  [libjvm.dylib+0x2ecc9a]  JavaCalls::call_helper(JavaValue*, methodHandle*, JavaCallArguments*, Thread*)+0x6ae
V  [libjvm.dylib+0x4cdb7c]  Reflection::invoke(instanceKlassHandle, methodHandle, Handle, bool, objArrayHandle, BasicType, objArrayHandle, bool, Thread*)+0xe12
V  [libjvm.dylib+0x4ce0b0]  Reflection::invoke_method(oopDesc*, Handle, objArrayHandle, Thread*)+0x16c
V  [libjvm.dylib+0x345118]  JVM_InvokeMethod+0x166
j  sun.reflect.NativeMethodAccessorImpl.invoke0(Ljava/lang/reflect/Method;Ljava/lang/Object;[Ljava/lang/Object;)Ljava/lang/Object;+0
j  sun.reflect.NativeMethodAccessorImpl.invoke(Ljava/lang/Object;[Ljava/lang/Object;)Ljava/lang/Object;+100
J 3391 C2 java.lang.reflect.Method.invoke(Ljava/lang/Object;[Ljava/lang/Object;)Ljava/lang/Object; (62 bytes) @ 0x0000000105472090 [0x0000000105471f60+0x130]
j  net.java.html.boot.BrowserBuilder$1OnPageLoad$1CallInitMethod.run()V+128
J 3120 C1 net.java.html.BrwsrCtx$1Wrap.run()V (50 bytes) @ 0x0000000105b19c74 [0x0000000105b19560+0x714]
J 3127 C1 org.netbeans.html.boot.fx.AbstractFXPresenter.execute(Ljava/lang/Runnable;)V (62 bytes) @ 0x0000000105b24bfc [0x0000000105b24420+0x7dc]
J 2984 C1 net.java.html.BrwsrCtx.execute(Ljava/lang/Runnable;)V (39 bytes) @ 0x00000001052cdcd4 [0x00000001052cd8c0+0x414]
j  net.java.html.boot.BrowserBuilder$1OnPageLoad.run()V+146
j  org.netbeans.html.boot.fx.AbstractFXPresenter.onPageLoad()V+12
j  org.netbeans.html.boot.fx.FXBrwsr$4.changed(Ljavafx/beans/value/ObservableValue;Ljavafx/concurrent/Worker$State;Ljavafx/concurrent/Worker$State;)V+31
j  org.netbeans.html.boot.fx.FXBrwsr$4.changed(Ljavafx/beans/value/ObservableValue;Ljava/lang/Object;Ljava/lang/Object;)V+10
j  com.sun.javafx.binding.ExpressionHelper$SingleChange.fireValueChangedEvent()V+71
J 828 C1 com.sun.javafx.binding.ExpressionHelper.fireValueChangedEvent(Lcom/sun/javafx/binding/ExpressionHelper;)V (9 bytes) @ 0x00000001054d531c [0x00000001054d5200+0x11c]
j  javafx.beans.property.ReadOnlyObjectPropertyBase.fireValueChangedEvent()V+4
j  javafx.beans.property.ReadOnlyObjectWrapper.fireValueChangedEvent()V+15
J 928 C1 javafx.beans.property.ObjectPropertyBase.set(Ljava/lang/Object;)V (110 bytes) @ 0x000000010551b33c [0x000000010551aba0+0x79c]
j  javafx.scene.web.WebEngine$LoadWorker.updateState(Ljavafx/concurrent/Worker$State;)V+8
j  javafx.scene.web.WebEngine$LoadWorker.dispatchLoadEvent(JILjava/lang/String;Ljava/lang/String;DI)V+203
j  javafx.scene.web.WebEngine$LoadWorker.access$1200(Ljavafx/scene/web/WebEngine$LoadWorker;JILjava/lang/String;Ljava/lang/String;DI)V+11
j  javafx.scene.web.WebEngine$PageLoadListener.dispatchLoadEvent(JILjava/lang/String;Ljava/lang/String;DI)V+32
j  com.sun.webkit.WebPage.fireLoadEvent(JILjava/lang/String;Ljava/lang/String;DI)V+45
j  com.sun.webkit.WebPage.fwkFireLoadEvent(JILjava/lang/String;Ljava/lang/String;DI)V+94
v  ~StubRoutines::call_stub
V  [libjvm.dylib+0x2ecc9a]  JavaCalls::call_helper(JavaValue*, methodHandle*, JavaCallArguments*, Thread*)+0x6ae
V  [libjvm.dylib+0x323ea5]  jni_invoke_nonstatic(JNIEnv_*, JavaValue*, _jobject*, JNICallType, _jmethodID*, JNI_ArgumentPusher*, Thread*)+0x2ec
V  [libjvm.dylib+0x3167bd]  jni_CallVoidMethodV+0xf8
C  [libjfxwebkit.dylib+0x48d84a]  JNIEnv_::CallVoidMethod(_jobject*, _jmethodID*, ...)+0x8a
C  [libjfxwebkit.dylib+0xa74915]  WebCore::FrameLoaderClientJava::postLoadEvent(WebCore::Frame*, int, WTF::String, WTF::String, double, int)+0x155
C  [libjfxwebkit.dylib+0xa76e8a]  WebCore::FrameLoaderClientJava::dispatchDidFinishLoad()+0x7a
C  [libjfxwebkit.dylib+0x944466]  WebCore::FrameLoader::checkLoadCompleteForThisFrame()+0x116
C  [libjfxwebkit.dylib+0x93c838]  WebCore::FrameLoader::checkLoadComplete()+0x138
C  [libjfxwebkit.dylib+0x9668db]  WebCore::SubresourceLoader::didFinishLoading(double)+0x8b
j  com.sun.webkit.network.URLLoader.twkDidFinishLoading(J)V+0
j  com.sun.webkit.network.URLLoader.notifyDidFinishLoading()V+44
j  com.sun.webkit.network.URLLoader.lambda$didFinishLoading$98()V+8
j  com.sun.webkit.network.URLLoader$$Lambda$168.run()V+4
J 2905 C1 com.sun.javafx.application.PlatformImpl$$Lambda$51.run()Ljava/lang/Object; (8 bytes) @ 0x0000000105a34a8c [0x0000000105a34940+0x14c]
v  ~StubRoutines::call_stub
V  [libjvm.dylib+0x2ecc9a]  JavaCalls::call_helper(JavaValue*, methodHandle*, JavaCallArguments*, Thread*)+0x6ae
V  [libjvm.dylib+0x34d430]  JVM_DoPrivileged+0x4b8
J 1761  java.security.AccessController.doPrivileged(Ljava/security/PrivilegedAction;Ljava/security/AccessControlContext;)Ljava/lang/Object; (0 bytes) @ 0x000000010570bad5 [0x000000010570ba00+0xd5]
J 3896 C2 com.sun.glass.ui.InvokeLaterDispatcher$Future.run()V (91 bytes) @ 0x00000001056bf7bc [0x00000001056bf700+0xbc]
v  ~StubRoutines::call_stub
V  [libjvm.dylib+0x2ecc9a]  JavaCalls::call_helper(JavaValue*, methodHandle*, JavaCallArguments*, Thread*)+0x6ae
V  [libjvm.dylib+0x323ea5]  jni_invoke_nonstatic(JNIEnv_*, JavaValue*, _jobject*, JNICallType, _jmethodID*, JNI_ArgumentPusher*, Thread*)+0x2ec
V  [libjvm.dylib+0x316673]  jni_CallVoidMethod+0x16b
C  [libglass.dylib+0x45db]  -[GlassRunnable run]+0x6b
C  [Foundation+0x76fde]  __NSThreadPerformPerform+0x117
C  [CoreFoundation+0xaa881]  __CFRUNLOOP_IS_CALLING_OUT_TO_A_SOURCE0_PERFORM_FUNCTION__+0x11
C  [CoreFoundation+0x89fbc]  __CFRunLoopDoSources0+0x22c
C  [CoreFoundation+0x894df]  __CFRunLoopRun+0x39f
C  [CoreFoundation+0x88ed8]  CFRunLoopRunSpecific+0x128
C  [HIToolbox+0x30935]  RunCurrentEventLoopInMode+0xeb
C  [HIToolbox+0x3076f]  ReceiveNextEventCommon+0x1b0
C  [HIToolbox+0x305af]  _BlockUntilNextEventMatchingListInModeWithFilter+0x47
C  [AppKit+0x48df6]  _DPSNextEvent+0x42b
C  [AppKit+0x48226]  -[NSApplication _nextEventMatchingEventMask:untilDate:inMode:dequeue:]+0x1c6
C  [AppKit+0x3cd80]  -[NSApplication run]+0x2aa
C  [libglass.dylib+0x658c]  -[GlassApplication runLoop:]+0x72c
C  [Foundation+0x76fde]  __NSThreadPerformPerform+0x117
C  [CoreFoundation+0xaa881]  __CFRUNLOOP_IS_CALLING_OUT_TO_A_SOURCE0_PERFORM_FUNCTION__+0x11
C  [CoreFoundation+0x89fbc]  __CFRunLoopDoSources0+0x22c
C  [CoreFoundation+0x894df]  __CFRunLoopRun+0x39f
C  [CoreFoundation+0x88ed8]  CFRunLoopRunSpecific+0x128
C  [java+0x6465]  CreateExecutionEnvironment+0x367
C  [java+0x218c]  JLI_Launch+0x7a0
C  [java+0x84c2]  main+0x65
C  [java+0x19e4]  start+0x34
C  0x0000000000000008

Java frames: (J=compiled Java code, j=interpreted, Vv=VM code)
J 2817  com.sun.webkit.dom.JSObject.callImpl(JILjava/lang/String;[Ljava/lang/Object;Ljava/security/AccessControlContext;)Ljava/lang/Object; (0 bytes) @ 0x00000001059f6584 [0x00000001059f6500+0x84]
J 2816 C1 com.sun.webkit.dom.JSObject.call(Ljava/lang/String;[Ljava/lang/Object;)Ljava/lang/Object; (17 bytes) @ 0x00000001059f5fa4 [0x00000001059f5cc0+0x2e4]
J 2926 C1 org.netbeans.html.boot.fx.AbstractFXPresenter$JSFn.invokeImpl(Ljava/lang/Object;Z[Ljava/lang/Object;)Ljava/lang/Object; (328 bytes) @ 0x0000000105a5a724 [0x0000000105a582a0+0x2484]
J 2927 C1 org.netbeans.html.boot.fx.AbstractFXPresenter$JSFn.invoke(Ljava/lang/Object;[Ljava/lang/Object;)Ljava/lang/Object; (8 bytes) @ 0x0000000105a504fc [0x0000000105a50400+0xfc]
J 2838 C1 org.netbeans.html.boot.spi.Fn.invokeLater(Ljava/lang/Object;[Ljava/lang/Object;)V (8 bytes) @ 0x0000000105a01fc4 [0x0000000105a01ec0+0x104]
j  com.dukescript.impl.canvas.HTML5GraphicsEnvironment.setFillStyleImpl(Ljava/lang/Object;Ljava/lang/Object;)V+68
j  com.dukescript.impl.canvas.HTML5GraphicsEnvironment.setFillStyle(Ljava/lang/Object;Lcom/dukescript/api/canvas/Style;Ljava/lang/Object;)Ljava/lang/Object;+14
j  com.dukescript.api.canvas.GraphicsContext2DImpl.setFillStyle(Lcom/dukescript/api/canvas/Style;)V+13
j  com.dukescript.starwars.DataModel.onPageLoad()V+45
j  com.dukescript.starwars.Main.onPageLoad()V+0
v  ~StubRoutines::call_stub
j  sun.reflect.NativeMethodAccessorImpl.invoke0(Ljava/lang/reflect/Method;Ljava/lang/Object;[Ljava/lang/Object;)Ljava/lang/Object;+0
j  sun.reflect.NativeMethodAccessorImpl.invoke(Ljava/lang/Object;[Ljava/lang/Object;)Ljava/lang/Object;+100
J 3391 C2 java.lang.reflect.Method.invoke(Ljava/lang/Object;[Ljava/lang/Object;)Ljava/lang/Object; (62 bytes) @ 0x0000000105472090 [0x0000000105471f60+0x130]
j  net.java.html.boot.BrowserBuilder$1OnPageLoad$1CallInitMethod.run()V+128
J 3120 C1 net.java.html.BrwsrCtx$1Wrap.run()V (50 bytes) @ 0x0000000105b19c74 [0x0000000105b19560+0x714]
J 3127 C1 org.netbeans.html.boot.fx.AbstractFXPresenter.execute(Ljava/lang/Runnable;)V (62 bytes) @ 0x0000000105b24bfc [0x0000000105b24420+0x7dc]
J 2984 C1 net.java.html.BrwsrCtx.execute(Ljava/lang/Runnable;)V (39 bytes) @ 0x00000001052cdcd4 [0x00000001052cd8c0+0x414]
j  net.java.html.boot.BrowserBuilder$1OnPageLoad.run()V+146
j  org.netbeans.html.boot.fx.AbstractFXPresenter.onPageLoad()V+12
j  org.netbeans.html.boot.fx.FXBrwsr$4.changed(Ljavafx/beans/value/ObservableValue;Ljavafx/concurrent/Worker$State;Ljavafx/concurrent/Worker$State;)V+31
j  org.netbeans.html.boot.fx.FXBrwsr$4.changed(Ljavafx/beans/value/ObservableValue;Ljava/lang/Object;Ljava/lang/Object;)V+10
j  com.sun.javafx.binding.ExpressionHelper$SingleChange.fireValueChangedEvent()V+71
J 828 C1 com.sun.javafx.binding.ExpressionHelper.fireValueChangedEvent(Lcom/sun/javafx/binding/ExpressionHelper;)V (9 bytes) @ 0x00000001054d531c [0x00000001054d5200+0x11c]
j  javafx.beans.property.ReadOnlyObjectPropertyBase.fireValueChangedEvent()V+4
j  javafx.beans.property.ReadOnlyObjectWrapper.fireValueChangedEvent()V+15
J 928 C1 javafx.beans.property.ObjectPropertyBase.set(Ljava/lang/Object;)V (110 bytes) @ 0x000000010551b33c [0x000000010551aba0+0x79c]
j  javafx.scene.web.WebEngine$LoadWorker.updateState(Ljavafx/concurrent/Worker$State;)V+8
j  javafx.scene.web.WebEngine$LoadWorker.dispatchLoadEvent(JILjava/lang/String;Ljava/lang/String;DI)V+203
j  javafx.scene.web.WebEngine$LoadWorker.access$1200(Ljavafx/scene/web/WebEngine$LoadWorker;JILjava/lang/String;Ljava/lang/String;DI)V+11
j  javafx.scene.web.WebEngine$PageLoadListener.dispatchLoadEvent(JILjava/lang/String;Ljava/lang/String;DI)V+32
j  com.sun.webkit.WebPage.fireLoadEvent(JILjava/lang/String;Ljava/lang/String;DI)V+45
j  com.sun.webkit.WebPage.fwkFireLoadEvent(JILjava/lang/String;Ljava/lang/String;DI)V+94
v  ~StubRoutines::call_stub
j  com.sun.webkit.network.URLLoader.twkDidFinishLoading(J)V+0
j  com.sun.webkit.network.URLLoader.notifyDidFinishLoading()V+44
j  com.sun.webkit.network.URLLoader.lambda$didFinishLoading$98()V+8
j  com.sun.webkit.network.URLLoader$$Lambda$168.run()V+4
J 2905 C1 com.sun.javafx.application.PlatformImpl$$Lambda$51.run()Ljava/lang/Object; (8 bytes) @ 0x0000000105a34a8c [0x0000000105a34940+0x14c]
v  ~StubRoutines::call_stub
J 1761  java.security.AccessController.doPrivileged(Ljava/security/PrivilegedAction;Ljava/security/AccessControlContext;)Ljava/lang/Object; (0 bytes) @ 0x000000010570ba63 [0x000000010570ba00+0x63]
J 3896 C2 com.sun.glass.ui.InvokeLaterDispatcher$Future.run()V (91 bytes) @ 0x00000001056bf7bc [0x00000001056bf700+0xbc]
v  ~StubRoutines::call_stub

---------------  P R O C E S S  ---------------

Java Threads: ( => current thread )
  0x00007fee55829000 JavaThread "URL-Loader-11" daemon [_thread_blocked, id=73231, stack(0x000070000269b000,0x000070000279b000)]
  0x00007fee5e871000 JavaThread "URL-Loader-10" daemon [_thread_blocked, id=100359, stack(0x0000700002598000,0x0000700002698000)]
  0x00007fee5d99d000 JavaThread "URL-Loader-9" daemon [_thread_blocked, id=99591, stack(0x0000700002392000,0x0000700002492000)]
  0x00007fee5f12e800 JavaThread "URL-Loader-8" daemon [_thread_blocked, id=98823, stack(0x0000700001f83000,0x0000700002083000)]
  0x00007fee5d9a4800 JavaThread "URL-Loader-7" daemon [_thread_blocked, id=64547, stack(0x0000700001bf1000,0x0000700001cf1000)]
  0x00007fee54339800 JavaThread "Prism Font Disposer" daemon [_thread_blocked, id=68111, stack(0x0000700002495000,0x0000700002595000)]
  0x00007fee57ab7800 JavaThread "Watching files in /Users/antonepple/Desktop/javaone2016/starwars/client/src/main/webapp/pages" daemon [_thread_blocked, id=65795, stack(0x000070000228f000,0x000070000238f000)]
  0x00007fee57a6a800 JavaThread "Thread-8" daemon [_thread_blocked, id=65571, stack(0x000070000218c000,0x000070000228c000)]
  0x00007fee570c2000 JavaThread "FX<->NetBeans Inspector" [_thread_in_native, id=64775, stack(0x0000700002089000,0x0000700002189000)]
  0x00007fee542a7800 JavaThread "Disposer" daemon [_thread_blocked, id=59427, stack(0x0000700001e80000,0x0000700001f80000)]
  0x00007fee54215800 JavaThread "Timer-0" daemon [_thread_blocked, id=54275, stack(0x0000700001aee000,0x0000700001bee000)]
  0x00007fee56011800 JavaThread "Thread-5" daemon [_thread_in_native, id=42243, stack(0x00007000019e8000,0x0000700001a68000)]
=>0x00007fee55828000 JavaThread "JavaFX Application Thread" [_thread_in_native, id=2571, stack(0x00007fff5c544000,0x00007fff5cd44000)]
  0x00007fee540ac000 JavaThread "Thread-3" daemon [_thread_blocked, id=28931, stack(0x0000700001862000,0x0000700001962000)]
  0x00007fee580df000 JavaThread "JavaFX-Launcher" [_thread_blocked, id=28419, stack(0x000070000175f000,0x000070000185f000)]
  0x00007fee58047800 JavaThread "QuantumRenderer-0" daemon [_thread_in_native, id=22531, stack(0x00007000015d9000,0x00007000016d9000)]
  0x00007fee5801f000 JavaThread "pool-1-thread-1" [_thread_blocked, id=22019, stack(0x00007000014d6000,0x00007000015d6000)]
  0x00007fee5785e000 JavaThread "Service Thread" daemon [_thread_blocked, id=20995, stack(0x00007000012d0000,0x00007000013d0000)]
  0x00007fee5402f000 JavaThread "C1 CompilerThread3" daemon [_thread_blocked, id=20483, stack(0x00007000011cd000,0x00007000012cd000)]
  0x00007fee5781a800 JavaThread "C2 CompilerThread2" daemon [_thread_blocked, id=19971, stack(0x00007000010ca000,0x00007000011ca000)]
  0x00007fee5781a000 JavaThread "C2 CompilerThread1" daemon [_thread_blocked, id=19459, stack(0x0000700000fc7000,0x00007000010c7000)]
  0x00007fee57818800 JavaThread "C2 CompilerThread0" daemon [_thread_blocked, id=18947, stack(0x0000700000ec4000,0x0000700000fc4000)]
  0x00007fee57816800 JavaThread "Signal Dispatcher" daemon [_thread_blocked, id=15887, stack(0x0000700000dc1000,0x0000700000ec1000)]
  0x00007fee58000000 JavaThread "Finalizer" daemon [_thread_blocked, id=14339, stack(0x0000700000c3b000,0x0000700000d3b000)]
  0x00007fee57810800 JavaThread "Reference Handler" daemon [_thread_blocked, id=13827, stack(0x0000700000b38000,0x0000700000c38000)]
  0x00007fee54012800 JavaThread "main" [_thread_blocked, id=5891, stack(0x000070000011a000,0x000070000021a000)]

Other Threads:
  0x00007fee5780c000 VMThread [stack: 0x0000700000a35000,0x0000700000b35000] [id=13315]
  0x00007fee5786e800 WatcherThread [stack: 0x00007000013d3000,0x00007000014d3000] [id=21507]

VM state:not at safepoint (normal execution)

VM Mutex/Monitor currently owned by a thread: None

Heap:
 PSYoungGen      total 79360K, used 51267K [0x000000076ab00000, 0x0000000770c00000, 0x00000007c0000000)
  eden space 62464K, 82% used [0x000000076ab00000,0x000000076dd10e98,0x000000076e800000)
  from space 16896K, 0% used [0x000000076fb80000,0x000000076fb80000,0x0000000770c00000)
  to   space 18432K, 0% used [0x000000076e800000,0x000000076e800000,0x000000076fa00000)
 ParOldGen       total 93184K, used 21720K [0x00000006c0000000, 0x00000006c5b00000, 0x000000076ab00000)
  object space 93184K, 23% used [0x00000006c0000000,0x00000006c1536110,0x00000006c5b00000)
 Metaspace       used 20284K, capacity 21560K, committed 21884K, reserved 1069056K
  class space    used 2626K, capacity 2881K, committed 2944K, reserved 1048576K

Card table byte_map: [0x0000000114557000,0x0000000114d58000] byte_map_base: 0x0000000110f57000

Marking Bits: (ParMarkBitMap*) 0x0000000104ae8bd0
 Begin Bits: [0x00000001152ae000, 0x00000001192ae000)
 End Bits:   [0x00000001192ae000, 0x000000011d2ae000)

Polling page: 0x000000010317f000

CodeCache: size=245760Kb used=11880Kb max_used=11949Kb free=233879Kb
 bounds [0x0000000105197000, 0x0000000105d67000, 0x0000000114197000]
 total_blobs=4327 nmethods=3553 adapters=686
 compilation: enabled

Compilation events (10 events):
Event: 71.086 Thread 0x00007fee5402f000 3971       3       sun.net.www.protocol.jar.JarURLConnection::getUseCaches (8 bytes)
Event: 71.089 Thread 0x00007fee5402f000 nmethod 3971 0x00000001057dded0 code [0x00000001057de040, 0x00000001057de268]
Event: 71.089 Thread 0x00007fee5402f000 3972       3       java.lang.Character::codePointAtImpl (41 bytes)
Event: 71.090 Thread 0x00007fee5402f000 nmethod 3972 0x0000000105d3b810 code [0x0000000105d3b9a0, 0x0000000105d3be30]
Event: 71.092 Thread 0x00007fee5781a800 nmethod 3944 0x00000001057bc990 code [0x00000001057bcbc0, 0x00000001057bd8d0]
Event: 71.093 Thread 0x00007fee5402f000 3974       3       com.sun.webkit.dom.JSObject::<init> (15 bytes)
Event: 71.093 Thread 0x00007fee5402f000 nmethod 3974 0x00000001057bc510 code [0x00000001057bc680, 0x00000001057bc890]
Event: 71.094 Thread 0x00007fee5402f000 3975       3       netscape.javascript.JSObject::<init> (5 bytes)
Event: 71.094 Thread 0x00007fee5402f000 nmethod 3975 0x0000000105320950 code [0x0000000105320ac0, 0x0000000105320c70]
Event: 71.096 Thread 0x00007fee57818800 nmethod 3969 0x0000000105788090 code [0x0000000105788300, 0x0000000105789130]

GC Heap History (10 events):
Event: 7.377 GC heap before
{Heap before GC invocations=3 (full 0):
 PSYoungGen      total 76288K, used 75126K [0x000000076ab00000, 0x0000000770000000, 0x00000007c0000000)
  eden space 65536K, 98% used [0x000000076ab00000,0x000000076e9dd9c0,0x000000076eb00000)
  from space 10752K, 99% used [0x000000076f580000,0x000000076fffff98,0x0000000770000000)
  to   space 10752K, 0% used [0x000000076eb00000,0x000000076eb00000,0x000000076f580000)
 ParOldGen       total 175104K, used 11028K [0x00000006c0000000, 0x00000006cab00000, 0x000000076ab00000)
  object space 175104K, 6% used [0x00000006c0000000,0x00000006c0ac52b8,0x00000006cab00000)
 Metaspace       used 19932K, capacity 21280K, committed 21376K, reserved 1067008K
  class space    used 2621K, capacity 2879K, committed 2944K, reserved 1048576K
Event: 7.387 GC heap after
Heap after GC invocations=3 (full 0):
 PSYoungGen      total 76288K, used 10735K [0x000000076ab00000, 0x0000000770000000, 0x00000007c0000000)
  eden space 65536K, 0% used [0x000000076ab00000,0x000000076ab00000,0x000000076eb00000)
  from space 10752K, 99% used [0x000000076eb00000,0x000000076f57bfa8,0x000000076f580000)
  to   space 10752K, 0% used [0x000000076f580000,0x000000076f580000,0x0000000770000000)
 ParOldGen       total 175104K, used 11660K [0x00000006c0000000, 0x00000006cab00000, 0x000000076ab00000)
  object space 175104K, 6% used [0x00000006c0000000,0x00000006c0b632b8,0x00000006cab00000)
 Metaspace       used 19932K, capacity 21280K, committed 21376K, reserved 1067008K
  class space    used 2621K, capacity 2879K, committed 2944K, reserved 1048576K
}
Event: 9.888 GC heap before
{Heap before GC invocations=4 (full 0):
 PSYoungGen      total 76288K, used 76271K [0x000000076ab00000, 0x0000000770000000, 0x00000007c0000000)
  eden space 65536K, 100% used [0x000000076ab00000,0x000000076eb00000,0x000000076eb00000)
  from space 10752K, 99% used [0x000000076eb00000,0x000000076f57bfa8,0x000000076f580000)
  to   space 10752K, 0% used [0x000000076f580000,0x000000076f580000,0x0000000770000000)
 ParOldGen       total 175104K, used 11660K [0x00000006c0000000, 0x00000006cab00000, 0x000000076ab00000)
  object space 175104K, 6% used [0x00000006c0000000,0x00000006c0b632b8,0x00000006cab00000)
 Metaspace       used 20084K, capacity 21420K, committed 21628K, reserved 1069056K
  class space    used 2622K, capacity 2879K, committed 2944K, reserved 1048576K
Event: 9.898 GC heap after
Heap after GC invocations=4 (full 0):
 PSYoungGen      total 76288K, used 10703K [0x000000076ab00000, 0x0000000770000000, 0x00000007c0000000)
  eden space 65536K, 0% used [0x000000076ab00000,0x000000076ab00000,0x000000076eb00000)
  from space 10752K, 99% used [0x000000076f580000,0x000000076fff3f98,0x0000000770000000)
  to   space 10752K, 0% used [0x000000076eb00000,0x000000076eb00000,0x000000076f580000)
 ParOldGen       total 175104K, used 12116K [0x00000006c0000000, 0x00000006cab00000, 0x000000076ab00000)
  object space 175104K, 6% used [0x00000006c0000000,0x00000006c0bd52c8,0x00000006cab00000)
 Metaspace       used 20084K, capacity 21420K, committed 21628K, reserved 1069056K
  class space    used 2622K, capacity 2879K, committed 2944K, reserved 1048576K
}
Event: 12.396 GC heap before
{Heap before GC invocations=5 (full 0):
 PSYoungGen      total 76288K, used 76239K [0x000000076ab00000, 0x0000000770000000, 0x00000007c0000000)
  eden space 65536K, 100% used [0x000000076ab00000,0x000000076eb00000,0x000000076eb00000)
  from space 10752K, 99% used [0x000000076f580000,0x000000076fff3f98,0x0000000770000000)
  to   space 10752K, 0% used [0x000000076eb00000,0x000000076eb00000,0x000000076f580000)
 ParOldGen       total 175104K, used 12116K [0x00000006c0000000, 0x00000006cab00000, 0x000000076ab00000)
  object space 175104K, 6% used [0x00000006c0000000,0x00000006c0bd52c8,0x00000006cab00000)
 Metaspace       used 20168K, capacity 21484K, committed 21628K, reserved 1069056K
  class space    used 2622K, capacity 2879K, committed 2944K, reserved 1048576K
Event: 12.407 GC heap after
Heap after GC invocations=5 (full 0):
 PSYoungGen      total 74752K, used 10703K [0x000000076ab00000, 0x0000000770d80000, 0x00000007c0000000)
  eden space 64000K, 0% used [0x000000076ab00000,0x000000076ab00000,0x000000076e980000)
  from space 10752K, 99% used [0x000000076eb00000,0x000000076f573f98,0x000000076f580000)
  to   space 18432K, 0% used [0x000000076fb80000,0x000000076fb80000,0x0000000770d80000)
 ParOldGen       total 175104K, used 12124K [0x00000006c0000000, 0x00000006cab00000, 0x000000076ab00000)
  object space 175104K, 6% used [0x00000006c0000000,0x00000006c0bd72c8,0x00000006cab00000)
 Metaspace       used 20168K, capacity 21484K, committed 21628K, reserved 1069056K
  class space    used 2622K, capacity 2879K, committed 2944K, reserved 1048576K
}
Event: 13.950 GC heap before
{Heap before GC invocations=6 (full 0):
 PSYoungGen      total 74752K, used 53825K [0x000000076ab00000, 0x0000000770d80000, 0x00000007c0000000)
  eden space 64000K, 67% used [0x000000076ab00000,0x000000076d51c560,0x000000076e980000)
  from space 10752K, 99% used [0x000000076eb00000,0x000000076f573f98,0x000000076f580000)
  to   space 18432K, 0% used [0x000000076fb80000,0x000000076fb80000,0x0000000770d80000)
 ParOldGen       total 175104K, used 12124K [0x00000006c0000000, 0x00000006cab00000, 0x000000076ab00000)
  object space 175104K, 6% used [0x00000006c0000000,0x00000006c0bd72c8,0x00000006cab00000)
 Metaspace       used 20201K, capacity 21484K, committed 21628K, reserved 1069056K
  class space    used 2622K, capacity 2879K, committed 2944K, reserved 1048576K
Event: 13.960 GC heap after
Heap after GC invocations=6 (full 0):
 PSYoungGen      total 79360K, used 10415K [0x000000076ab00000, 0x0000000770c00000, 0x00000007c0000000)
  eden space 62464K, 0% used [0x000000076ab00000,0x000000076ab00000,0x000000076e800000)
  from space 16896K, 61% used [0x000000076fb80000,0x00000007705abf98,0x0000000770c00000)
  to   space 18432K, 0% used [0x000000076e800000,0x000000076e800000,0x000000076fa00000)
 ParOldGen       total 175104K, used 12132K [0x00000006c0000000, 0x00000006cab00000, 0x000000076ab00000)
  object space 175104K, 6% used [0x00000006c0000000,0x00000006c0bd92c8,0x00000006cab00000)
 Metaspace       used 20201K, capacity 21484K, committed 21628K, reserved 1069056K
  class space    used 2622K, capacity 2879K, committed 2944K, reserved 1048576K
}
Event: 13.960 GC heap before
{Heap before GC invocations=7 (full 1):
 PSYoungGen      total 79360K, used 10415K [0x000000076ab00000, 0x0000000770c00000, 0x00000007c0000000)
  eden space 62464K, 0% used [0x000000076ab00000,0x000000076ab00000,0x000000076e800000)
  from space 16896K, 61% used [0x000000076fb80000,0x00000007705abf98,0x0000000770c00000)
  to   space 18432K, 0% used [0x000000076e800000,0x000000076e800000,0x000000076fa00000)
 ParOldGen       total 175104K, used 12132K [0x00000006c0000000, 0x00000006cab00000, 0x000000076ab00000)
  object space 175104K, 6% used [0x00000006c0000000,0x00000006c0bd92c8,0x00000006cab00000)
 Metaspace       used 20201K, capacity 21484K, committed 21628K, reserved 1069056K
  class space    used 2622K, capacity 2879K, committed 2944K, reserved 1048576K
Event: 14.008 GC heap after
Heap after GC invocations=7 (full 1):
 PSYoungGen      total 79360K, used 0K [0x000000076ab00000, 0x0000000770c00000, 0x00000007c0000000)
  eden space 62464K, 0% used [0x000000076ab00000,0x000000076ab00000,0x000000076e800000)
  from space 16896K, 0% used [0x000000076fb80000,0x000000076fb80000,0x0000000770c00000)
  to   space 18432K, 0% used [0x000000076e800000,0x000000076e800000,0x000000076fa00000)
 ParOldGen       total 93184K, used 21720K [0x00000006c0000000, 0x00000006c5b00000, 0x000000076ab00000)
  object space 93184K, 23% used [0x00000006c0000000,0x00000006c1536110,0x00000006c5b00000)
 Metaspace       used 20201K, capacity 21484K, committed 21628K, reserved 1069056K
  class space    used 2622K, capacity 2879K, committed 2944K, reserved 1048576K
}

Deoptimization events (10 events):
Event: 52.629 Thread 0x00007fee58047800 Uncommon trap: reason=class_check action=maybe_recompile pc=0x0000000105bedefc method=com.sun.webkit.graphics.GraphicsDecoder.getGradient(Lcom/sun/webkit/graphics/WCGraphicsContext;Ljava/nio/ByteBuffer;)Lcom/sun/webkit/graphics/WCGradient; @ 37
Event: 52.629 Thread 0x00007fee58047800 Uncommon trap: reason=class_check action=maybe_recompile pc=0x00000001053a38f4 method=com.sun.javafx.webkit.prism.WCGraphicsPrismContext.fillRect(FFFFLjava/lang/Integer;)V @ 89
Event: 71.053 Thread 0x00007fee55828000 Uncommon trap: reason=unstable_if action=reinterpret pc=0x0000000105cebc80 method=com.sun.webkit.WebPage.addDirtyRect(Lcom/sun/webkit/graphics/WCRectangle;)V @ 6
Event: 71.064 Thread 0x00007fee55828000 Uncommon trap: reason=unstable_if action=reinterpret pc=0x00000001053bed10 method=javafx.scene.Node.updateBounds()V @ 106
Event: 71.064 Thread 0x00007fee55828000 Uncommon trap: reason=unstable_if action=reinterpret pc=0x000000010564c7e0 method=javafx.scene.Node.updateBounds()V @ 106
Event: 71.065 Thread 0x00007fee55828000 Uncommon trap: reason=unstable_if action=reinterpret pc=0x00000001053bed10 method=javafx.scene.Node.updateBounds()V @ 106
Event: 71.065 Thread 0x00007fee55828000 Uncommon trap: reason=unstable_if action=reinterpret pc=0x000000010549fe74 method=com.sun.javafx.sg.prism.NGNode.setEffect(Lcom/sun/scenario/effect/Effect;)V @ 21
Event: 71.079 Thread 0x00007fee55828000 Uncommon trap: reason=bimorphic action=maybe_recompile pc=0x0000000105698194 method=java.util.HashMap.removeNode(ILjava/lang/Object;Ljava/lang/Object;ZZ)Ljava/util/HashMap$Node; @ 283
Event: 71.093 Thread 0x00007fee58047800 Uncommon trap: reason=class_check action=maybe_recompile pc=0x0000000105bedefc method=com.sun.webkit.graphics.GraphicsDecoder.getGradient(Lcom/sun/webkit/graphics/WCGraphicsContext;Ljava/nio/ByteBuffer;)Lcom/sun/webkit/graphics/WCGradient; @ 37
Event: 71.093 Thread 0x00007fee58047800 Uncommon trap: reason=class_check action=maybe_recompile pc=0x00000001053a38f4 method=com.sun.javafx.webkit.prism.WCGraphicsPrismContext.fillRect(FFFFLjava/lang/Integer;)V @ 89

Internal exceptions (10 events):
Event: 0.415 Thread 0x00007fee55828000 Exception <a 'java/lang/NullPointerException'> (0x000000076b84feb0) thrown at [/Users/java_re/workspace/8-2-build-macosx-x86_64/jdk8u92/6642/hotspot/src/share/vm/interpreter/linkResolver.cpp, line 1178]
Event: 0.415 Thread 0x00007fee55828000 Exception <a 'java/lang/NullPointerException'> (0x000000076b84feb0) thrown at [/Users/java_re/workspace/8-2-build-macosx-x86_64/jdk8u92/6642/hotspot/src/share/vm/prims/jvm.cpp, line 1390]
Event: 0.935 Thread 0x00007fee55828000 Exception <a 'sun/nio/fs/UnixException'> (0x000000076c90eb00) thrown at [/Users/java_re/workspace/8-2-build-macosx-x86_64/jdk8u92/6642/hotspot/src/share/vm/prims/jni.cpp, line 709]
Event: 0.937 Thread 0x00007fee55828000 Exception <a 'sun/nio/fs/UnixException'> (0x000000076c910a78) thrown at [/Users/java_re/workspace/8-2-build-macosx-x86_64/jdk8u92/6642/hotspot/src/share/vm/prims/jni.cpp, line 709]
Event: 0.948 Thread 0x00007fee55828000 Implicit null exception at 0x00000001054a4cb5 to 0x00000001054a5021
Event: 0.961 Thread 0x00007fee581b7000 Implicit null exception at 0x00000001053a36f5 to 0x00000001053a3a55
Event: 6.704 Thread 0x00007fee575e2000 Implicit null exception at 0x0000000105aca896 to 0x0000000105acab75
Event: 7.389 Thread 0x00007fee58047800 Implicit null exception at 0x0000000105ba386c to 0x0000000105ba444d
Event: 7.433 Thread 0x00007fee58047800 Implicit null exception at 0x00000001059e2e95 to 0x00000001059e2ed5
Event: 7.434 Thread 0x00007fee58047800 Implicit null exception at 0x00000001059e906c to 0x00000001059e90b5

Events (10 events):
Event: 71.093 Thread 0x00007fee58047800 DEOPT UNPACKING pc=0x000000010519c229 sp=0x00007000016d71a8 mode 2
Event: 71.093 Thread 0x00007fee58047800 Uncommon trap: trap_request=0xffffffde fr.pc=0x00000001053a38f4
Event: 71.093 Thread 0x00007fee58047800 DEOPT PACKING pc=0x00000001053a38f4 sp=0x00007000016d71e0
Event: 71.093 Thread 0x00007fee58047800 DEOPT UNPACKING pc=0x000000010519c229 sp=0x00007000016d71a0 mode 2
Event: 71.094 Thread 0x00007fee5402f000 flushing nmethod 0x00000001055206d0
Event: 71.096 Thread 0x00007fee57818800 flushing nmethod 0x0000000105592f10
Event: 71.096 Thread 0x00007fee57818800 flushing nmethod 0x00000001055a8ed0
Event: 71.097 Thread 0x00007fee57818800 flushing nmethod 0x00000001055c7e50
Event: 71.097 Thread 0x00007fee57818800 flushing nmethod 0x00000001055d37d0
Event: 71.097 Thread 0x00007fee57818800 flushing nmethod 0x00000001055e2a10


Dynamic libraries:
0x00000000015a2000 	/System/Library/Frameworks/Cocoa.framework/Versions/A/Cocoa
0x00000000015a2000 	/System/Library/Frameworks/Security.framework/Versions/A/Security
0x00000000015a2000 	/System/Library/Frameworks/ApplicationServices.framework/Versions/A/ApplicationServices
0x00000000015a2000 	/usr/lib/libz.1.dylib
0x00000000015a2000 	/usr/lib/libSystem.B.dylib
0x00000000015a2000 	/usr/lib/libobjc.A.dylib
0x00000000015a2000 	/System/Library/Frameworks/CoreFoundation.framework/Versions/A/CoreFoundation
0x00000000015a2000 	/System/Library/Frameworks/Foundation.framework/Versions/C/Foundation
0x00000000015a2000 	/System/Library/Frameworks/AppKit.framework/Versions/C/AppKit
0x00000000015a2000 	/System/Library/Frameworks/CoreData.framework/Versions/A/CoreData
0x00000000015a2000 	/System/Library/PrivateFrameworks/RemoteViewServices.framework/Versions/A/RemoteViewServices
0x00000000015a2000 	/System/Library/PrivateFrameworks/UIFoundation.framework/Versions/A/UIFoundation
0x00000000015a2000 	/usr/lib/libScreenReader.dylib
0x00000000015a2000 	/System/Library/Frameworks/Accelerate.framework/Versions/A/Accelerate
0x00000000015a2000 	/System/Library/Frameworks/IOSurface.framework/Versions/A/IOSurface
0x00000000015a2000 	/System/Library/Frameworks/AudioToolbox.framework/Versions/A/AudioToolbox
0x00000000015a2000 	/System/Library/Frameworks/AudioUnit.framework/Versions/A/AudioUnit
0x00000000015a2000 	/System/Library/PrivateFrameworks/DataDetectorsCore.framework/Versions/A/DataDetectorsCore
0x00000000015a2000 	/System/Library/PrivateFrameworks/DesktopServicesPriv.framework/Versions/A/DesktopServicesPriv
0x00000000015a2000 	/System/Library/Frameworks/Carbon.framework/Versions/A/Frameworks/HIToolbox.framework/Versions/A/HIToolbox
0x00000000015a2000 	/System/Library/Frameworks/QuartzCore.framework/Versions/A/QuartzCore
0x00000000015a2000 	/System/Library/Frameworks/Carbon.framework/Versions/A/Frameworks/SpeechRecognition.framework/Versions/A/SpeechRecognition
0x00000000015a2000 	/usr/lib/libauto.dylib
0x00000000015a2000 	/usr/lib/libicucore.A.dylib
0x00000000015a2000 	/usr/lib/libxml2.2.dylib
0x00000000015a2000 	/System/Library/PrivateFrameworks/CoreUI.framework/Versions/A/CoreUI
0x00000000015a2000 	/System/Library/Frameworks/CoreAudio.framework/Versions/A/CoreAudio
0x00000000015a2000 	/System/Library/Frameworks/DiskArbitration.framework/Versions/A/DiskArbitration
0x00000000015a2000 	/usr/lib/liblangid.dylib
0x00000000015a2000 	/System/Library/PrivateFrameworks/MultitouchSupport.framework/Versions/A/MultitouchSupport
0x00000000015a2000 	/System/Library/Frameworks/IOKit.framework/Versions/A/IOKit
0x00000000015a2000 	/usr/lib/libDiagnosticMessagesClient.dylib
0x00000000015a2000 	/System/Library/Frameworks/CoreServices.framework/Versions/A/CoreServices
0x00000000015a2000 	/System/Library/PrivateFrameworks/PerformanceAnalysis.framework/Versions/A/PerformanceAnalysis
0x00000000015a2000 	/System/Library/PrivateFrameworks/GenerationalStorage.framework/Versions/A/GenerationalStorage
0x00000000015a2000 	/System/Library/Frameworks/OpenGL.framework/Versions/A/OpenGL
0x00000000015a2000 	/System/Library/PrivateFrameworks/Sharing.framework/Versions/A/Sharing
0x00000000015a2000 	/System/Library/Frameworks/CoreGraphics.framework/Versions/A/CoreGraphics
0x00000000015a2000 	/System/Library/Frameworks/CoreImage.framework/Versions/A/CoreImage
0x00000000015a2000 	/System/Library/Frameworks/CoreText.framework/Versions/A/CoreText
0x00000000015a2000 	/System/Library/Frameworks/ImageIO.framework/Versions/A/ImageIO
0x00000000015a2000 	/System/Library/PrivateFrameworks/Backup.framework/Versions/A/Backup
0x00000000015a2000 	/usr/lib/libextension.dylib
0x00000000015a2000 	/usr/lib/libarchive.2.dylib
0x00000000015a2000 	/System/Library/Frameworks/CFNetwork.framework/Versions/A/CFNetwork
0x00000000015a2000 	/System/Library/Frameworks/SystemConfiguration.framework/Versions/A/SystemConfiguration
0x00000000015a2000 	/usr/lib/libCRFSuite.dylib
0x00000000015a2000 	/usr/lib/libc++.1.dylib
0x00000000015a2000 	/usr/lib/libc++abi.dylib
0x00000000015a2000 	/usr/lib/system/libcache.dylib
0x00000000015a2000 	/usr/lib/system/libcommonCrypto.dylib
0x00000000015a2000 	/usr/lib/system/libcompiler_rt.dylib
0x00000000015a2000 	/usr/lib/system/libcopyfile.dylib
0x00000000015a2000 	/usr/lib/system/libcorecrypto.dylib
0x00000000015a2000 	/usr/lib/system/libdispatch.dylib
0x00000000015a2000 	/usr/lib/system/libdyld.dylib
0x00000000015a2000 	/usr/lib/system/libkeymgr.dylib
0x00000000015a2000 	/usr/lib/system/liblaunch.dylib
0x00000000015a2000 	/usr/lib/system/libmacho.dylib
0x00000000015a2000 	/usr/lib/system/libquarantine.dylib
0x00000000015a2000 	/usr/lib/system/libremovefile.dylib
0x00000000015a2000 	/usr/lib/system/libsystem_asl.dylib
0x00000000015a2000 	/usr/lib/system/libsystem_blocks.dylib
0x00000000015a2000 	/usr/lib/system/libsystem_c.dylib
0x00000000015a2000 	/usr/lib/system/libsystem_configuration.dylib
0x00000000015a2000 	/usr/lib/system/libsystem_coreservices.dylib
0x00000000015a2000 	/usr/lib/system/libsystem_coretls.dylib
0x00000000015a2000 	/usr/lib/system/libsystem_dnssd.dylib
0x00000000015a2000 	/usr/lib/system/libsystem_info.dylib
0x00000000015a2000 	/usr/lib/system/libsystem_kernel.dylib
0x00000000015a2000 	/usr/lib/system/libsystem_m.dylib
0x00000000015a2000 	/usr/lib/system/libsystem_malloc.dylib
0x00000000015a2000 	/usr/lib/system/libsystem_network.dylib
0x00000000015a2000 	/usr/lib/system/libsystem_networkextension.dylib
0x00000000015a2000 	/usr/lib/system/libsystem_notify.dylib
0x00000000015a2000 	/usr/lib/system/libsystem_platform.dylib
0x00000000015a2000 	/usr/lib/system/libsystem_pthread.dylib
0x00000000015a2000 	/usr/lib/system/libsystem_sandbox.dylib
0x00000000015a2000 	/usr/lib/system/libsystem_secinit.dylib
0x00000000015a2000 	/usr/lib/system/libsystem_trace.dylib
0x00000000015a2000 	/usr/lib/system/libunc.dylib
0x00000000015a2000 	/usr/lib/system/libunwind.dylib
0x00000000015a2000 	/usr/lib/system/libxpc.dylib
0x00000000015a2000 	/usr/lib/libenergytrace.dylib
0x00000000015a2000 	/usr/lib/libbsm.0.dylib
0x00000000015a2000 	/usr/lib/system/libkxld.dylib
0x00000000015a2000 	/usr/lib/libxar.1.dylib
0x00000000015a2000 	/usr/lib/libsqlite3.dylib
0x00000000015a2000 	/usr/lib/libpam.2.dylib
0x00000000015a2000 	/usr/lib/libOpenScriptingUtil.dylib
0x00000000015a2000 	/usr/lib/libbz2.1.0.dylib
0x00000000015a2000 	/usr/lib/liblzma.5.dylib
0x00000000015a2000 	/System/Library/Frameworks/CoreServices.framework/Versions/A/Frameworks/FSEvents.framework/Versions/A/FSEvents
0x00000000015a2000 	/System/Library/Frameworks/CoreServices.framework/Versions/A/Frameworks/CarbonCore.framework/Versions/A/CarbonCore
0x00000000015a2000 	/System/Library/Frameworks/CoreServices.framework/Versions/A/Frameworks/Metadata.framework/Versions/A/Metadata
0x00000000015a2000 	/System/Library/Frameworks/CoreServices.framework/Versions/A/Frameworks/OSServices.framework/Versions/A/OSServices
0x00000000015a2000 	/System/Library/Frameworks/CoreServices.framework/Versions/A/Frameworks/SearchKit.framework/Versions/A/SearchKit
0x00000000015a2000 	/System/Library/Frameworks/CoreServices.framework/Versions/A/Frameworks/AE.framework/Versions/A/AE
0x00000000015a2000 	/System/Library/Frameworks/CoreServices.framework/Versions/A/Frameworks/LaunchServices.framework/Versions/A/LaunchServices
0x00000000015a2000 	/System/Library/Frameworks/CoreServices.framework/Versions/A/Frameworks/DictionaryServices.framework/Versions/A/DictionaryServices
0x00000000015a2000 	/System/Library/Frameworks/CoreServices.framework/Versions/A/Frameworks/SharedFileList.framework/Versions/A/SharedFileList
0x00000000015a2000 	/System/Library/Frameworks/NetFS.framework/Versions/A/NetFS
0x00000000015a2000 	/System/Library/PrivateFrameworks/NetAuth.framework/Versions/A/NetAuth
0x00000000015a2000 	/System/Library/PrivateFrameworks/login.framework/Versions/A/Frameworks/loginsupport.framework/Versions/A/loginsupport
0x00000000015a2000 	/System/Library/PrivateFrameworks/TCC.framework/Versions/A/TCC
0x00000000015a2000 	/usr/lib/libmecabra.dylib
0x00000000015a2000 	/System/Library/Frameworks/ApplicationServices.framework/Versions/A/Frameworks/ATS.framework/Versions/A/ATS
0x00000000015a2000 	/System/Library/Frameworks/ApplicationServices.framework/Versions/A/Frameworks/ColorSync.framework/Versions/A/ColorSync
0x00000000015a2000 	/System/Library/Frameworks/ApplicationServices.framework/Versions/A/Frameworks/HIServices.framework/Versions/A/HIServices
0x00000000015a2000 	/System/Library/Frameworks/ApplicationServices.framework/Versions/A/Frameworks/LangAnalysis.framework/Versions/A/LangAnalysis
0x00000000015a2000 	/System/Library/Frameworks/ApplicationServices.framework/Versions/A/Frameworks/PrintCore.framework/Versions/A/PrintCore
0x00000000015a2000 	/System/Library/Frameworks/ApplicationServices.framework/Versions/A/Frameworks/QD.framework/Versions/A/QD
0x00000000015a2000 	/System/Library/Frameworks/ApplicationServices.framework/Versions/A/Frameworks/SpeechSynthesis.framework/Versions/A/SpeechSynthesis
0x00000000015a2000 	/System/Library/Frameworks/Metal.framework/Versions/A/Metal
0x00000000015a2000 	/System/Library/Frameworks/Accelerate.framework/Versions/A/Frameworks/vImage.framework/Versions/A/vImage
0x00000000015a2000 	/System/Library/Frameworks/Accelerate.framework/Versions/A/Frameworks/vecLib.framework/Versions/A/vecLib
0x00000000015a2000 	/System/Library/Frameworks/Accelerate.framework/Versions/A/Frameworks/vecLib.framework/Versions/A/libvDSP.dylib
0x00000000015a2000 	/System/Library/Frameworks/Accelerate.framework/Versions/A/Frameworks/vecLib.framework/Versions/A/libvMisc.dylib
0x00000000015a2000 	/System/Library/Frameworks/Accelerate.framework/Versions/A/Frameworks/vecLib.framework/Versions/A/libLAPACK.dylib
0x00000000015a2000 	/System/Library/Frameworks/Accelerate.framework/Versions/A/Frameworks/vecLib.framework/Versions/A/libBLAS.dylib
0x00000000015a2000 	/System/Library/Frameworks/Accelerate.framework/Versions/A/Frameworks/vecLib.framework/Versions/A/libLinearAlgebra.dylib
0x00000000015a2000 	/System/Library/Frameworks/Accelerate.framework/Versions/A/Frameworks/vecLib.framework/Versions/A/libSparseBLAS.dylib
0x00000000015a2000 	/System/Library/PrivateFrameworks/GPUCompiler.framework/libmetal_timestamp.dylib
0x00000000015a2000 	/System/Library/Frameworks/OpenGL.framework/Versions/A/Libraries/libCoreFSCache.dylib
0x00000000015a2000 	/System/Library/PrivateFrameworks/IOAccelerator.framework/Versions/A/IOAccelerator
0x00000000015a2000 	/System/Library/Frameworks/ApplicationServices.framework/Versions/A/Frameworks/ATS.framework/Versions/A/Resources/libFontParser.dylib
0x00000000015a2000 	/System/Library/Frameworks/ApplicationServices.framework/Versions/A/Frameworks/ATS.framework/Versions/A/Resources/libFontRegistry.dylib
0x00000000015a2000 	/System/Library/PrivateFrameworks/AppleVPA.framework/Versions/A/AppleVPA
0x00000000015a2000 	/System/Library/PrivateFrameworks/AppleJPEG.framework/Versions/A/AppleJPEG
0x00000000015a2000 	/System/Library/Frameworks/ImageIO.framework/Versions/A/Resources/libJPEG.dylib
0x00000000015a2000 	/System/Library/Frameworks/ImageIO.framework/Versions/A/Resources/libTIFF.dylib
0x00000000015a2000 	/System/Library/Frameworks/ImageIO.framework/Versions/A/Resources/libPng.dylib
0x00000000015a2000 	/System/Library/Frameworks/ImageIO.framework/Versions/A/Resources/libGIF.dylib
0x00000000015a2000 	/System/Library/Frameworks/ImageIO.framework/Versions/A/Resources/libJP2.dylib
0x00000000015a2000 	/System/Library/Frameworks/ImageIO.framework/Versions/A/Resources/libRadiance.dylib
0x00000000015a2000 	/System/Library/Frameworks/CoreVideo.framework/Versions/A/CoreVideo
0x00000000015a2000 	/System/Library/Frameworks/OpenGL.framework/Versions/A/Libraries/libGLU.dylib
0x00000000015a2000 	/System/Library/Frameworks/OpenGL.framework/Versions/A/Libraries/libGFXShared.dylib
0x00000000015a2000 	/System/Library/Frameworks/OpenGL.framework/Versions/A/Libraries/libGL.dylib
0x00000000015a2000 	/System/Library/Frameworks/OpenGL.framework/Versions/A/Libraries/libGLImage.dylib
0x00000000015a2000 	/System/Library/Frameworks/OpenGL.framework/Versions/A/Libraries/libCVMSPluginSupport.dylib
0x00000000015a2000 	/System/Library/Frameworks/OpenGL.framework/Versions/A/Libraries/libCoreVMClient.dylib
0x00000000015a2000 	/usr/lib/libcompression.dylib
0x00000000015a2000 	/usr/lib/libcups.2.dylib
0x00000000015a2000 	/System/Library/Frameworks/Kerberos.framework/Versions/A/Kerberos
0x00000000015a2000 	/System/Library/Frameworks/GSS.framework/Versions/A/GSS
0x00000000015a2000 	/usr/lib/libresolv.9.dylib
0x00000000015a2000 	/usr/lib/libiconv.2.dylib
0x00000000015a2000 	/System/Library/PrivateFrameworks/Heimdal.framework/Versions/A/Heimdal
0x00000000015a2000 	/usr/lib/libheimdal-asn1.dylib
0x00000000015a2000 	/System/Library/Frameworks/OpenDirectory.framework/Versions/A/OpenDirectory
0x00000000015a2000 	/System/Library/PrivateFrameworks/CommonAuth.framework/Versions/A/CommonAuth
0x00000000015a2000 	/System/Library/Frameworks/OpenDirectory.framework/Versions/A/Frameworks/CFOpenDirectory.framework/Versions/A/CFOpenDirectory
0x00000000015a2000 	/System/Library/Frameworks/SecurityFoundation.framework/Versions/A/SecurityFoundation
0x00000000015a2000 	/System/Library/PrivateFrameworks/LanguageModeling.framework/Versions/A/LanguageModeling
0x00000000015a2000 	/usr/lib/libmarisa.dylib
0x00000000015a2000 	/usr/lib/libChineseTokenizer.dylib
0x00000000015a2000 	/usr/lib/libcmph.dylib
0x00000000015a2000 	/System/Library/Frameworks/ServiceManagement.framework/Versions/A/ServiceManagement
0x00000000015a2000 	/usr/lib/libxslt.1.dylib
0x00000000015a2000 	/System/Library/Frameworks/Carbon.framework/Versions/A/Frameworks/Ink.framework/Versions/A/Ink
0x00000000015a2000 	/usr/lib/libFosl_dynamic.dylib
0x00000000015a2000 	/System/Library/PrivateFrameworks/FaceCore.framework/Versions/A/FaceCore
0x00000000015a2000 	/System/Library/Frameworks/OpenCL.framework/Versions/A/OpenCL
0x00000000015a2000 	/System/Library/PrivateFrameworks/CrashReporterSupport.framework/Versions/A/CrashReporterSupport
0x00000000015a2000 	/System/Library/PrivateFrameworks/IconServices.framework/Versions/A/IconServices
0x00000000015a2000 	/System/Library/PrivateFrameworks/Apple80211.framework/Versions/A/Apple80211
0x00000000015a2000 	/System/Library/Frameworks/CoreWLAN.framework/Versions/A/CoreWLAN
0x00000000015a2000 	/System/Library/Frameworks/IOBluetooth.framework/Versions/A/IOBluetooth
0x00000000015a2000 	/System/Library/PrivateFrameworks/CoreWiFi.framework/Versions/A/CoreWiFi
0x00000000015a2000 	/System/Library/Frameworks/CoreBluetooth.framework/Versions/A/CoreBluetooth
0x00000000015a2000 	/System/Library/PrivateFrameworks/ChunkingLibrary.framework/Versions/A/ChunkingLibrary
0x00000000015a2000 	/System/Library/PrivateFrameworks/DebugSymbols.framework/Versions/A/DebugSymbols
0x00000000015a2000 	/System/Library/PrivateFrameworks/CoreSymbolication.framework/Versions/A/CoreSymbolication
0x00000000015a2000 	/System/Library/PrivateFrameworks/Symbolication.framework/Versions/A/Symbolication
0x00000000015a2000 	/System/Library/PrivateFrameworks/SpeechRecognitionCore.framework/Versions/A/SpeechRecognitionCore
0x0000000104200000 	/Library/Java/JavaVirtualMachines/jdk1.8.0_92.jdk/Contents/Home/jre/lib/server/libjvm.dylib
0x00000000015a2000 	/usr/lib/libstdc++.6.dylib
0x000000010313c000 	/Library/Java/JavaVirtualMachines/jdk1.8.0_92.jdk/Contents/Home/jre/lib/libverify.dylib
0x000000010314a000 	/Library/Java/JavaVirtualMachines/jdk1.8.0_92.jdk/Contents/Home/jre/lib/libjava.dylib
0x0000000103189000 	/Library/Java/JavaVirtualMachines/jdk1.8.0_92.jdk/Contents/Home/jre/lib/libzip.dylib
0x00000001031e3000 	/System/Library/Frameworks/JavaVM.framework/Frameworks/JavaRuntimeSupport.framework/JavaRuntimeSupport
0x00000001201fc000 	/System/Library/Frameworks/JavaVM.framework/Versions/A/Frameworks/JavaNativeFoundation.framework/Versions/A/JavaNativeFoundation
0x0000000120211000 	/System/Library/Frameworks/JavaVM.framework/Versions/A/JavaVM
0x00000000015a2000 	/System/Library/Frameworks/Carbon.framework/Versions/A/Carbon
0x000000012021e000 	/System/Library/PrivateFrameworks/JavaLaunching.framework/Versions/A/JavaLaunching
0x00000000015a2000 	/System/Library/Frameworks/Carbon.framework/Versions/A/Frameworks/CommonPanels.framework/Versions/A/CommonPanels
0x00000000015a2000 	/System/Library/Frameworks/Carbon.framework/Versions/A/Frameworks/Help.framework/Versions/A/Help
0x00000000015a2000 	/System/Library/Frameworks/Carbon.framework/Versions/A/Frameworks/ImageCapture.framework/Versions/A/ImageCapture
0x00000000015a2000 	/System/Library/Frameworks/Carbon.framework/Versions/A/Frameworks/OpenScripting.framework/Versions/A/OpenScripting
0x00000000015a2000 	/System/Library/Frameworks/Carbon.framework/Versions/A/Frameworks/Print.framework/Versions/A/Print
0x00000000015a2000 	/System/Library/Frameworks/Carbon.framework/Versions/A/Frameworks/SecurityHI.framework/Versions/A/SecurityHI
0x0000000121c0a000 	/Library/Java/JavaVirtualMachines/jdk1.8.0_92.jdk/Contents/Home/jre/lib/libprism_es2.dylib
0x00000000015a2000 	/System/Library/Frameworks/OpenGL.framework/Versions/A/Resources/GLEngine.bundle/GLEngine
0x00000000015a2000 	/System/Library/Frameworks/OpenGL.framework/Versions/A/Libraries/libGLProgrammability.dylib
0x0000000121c8c000 	/System/Library/Extensions/AppleIntelHD4000GraphicsGLDriver.bundle/Contents/MacOS/AppleIntelHD4000GraphicsGLDriver
0x00000000015a2000 	/System/Library/PrivateFrameworks/GPUSupport.framework/Versions/A/Libraries/libGPUSupportMercury.dylib
0x00000000015a2000 	/System/Library/Extensions/GeForceGLDriver.bundle/Contents/MacOS/GeForceGLDriver
0x00000000015a2000 	/System/Library/Extensions/GeForceGLDriver.bundle/Contents/MacOS/libclh.dylib
0x00000000015a2000 	/System/Library/Frameworks/OpenGL.framework/Versions/A/Resources/GLRendererFloat.bundle/GLRendererFloat
0x00000000015a2000 	/System/Library/Frameworks/OpenCL.framework/Versions/A/Libraries/libcldcpuengine.dylib
0x00000000015a2000 	/System/Library/PrivateFrameworks/DiskImages.framework/Versions/A/DiskImages
0x00000000015a2000 	/System/Library/Frameworks/DiscRecording.framework/Versions/A/DiscRecording
0x00000000015a2000 	/usr/lib/libcsfde.dylib
0x00000000015a2000 	/usr/lib/libcurl.4.dylib
0x00000000015a2000 	/System/Library/PrivateFrameworks/MediaKit.framework/Versions/A/MediaKit
0x00000000015a2000 	/System/Library/PrivateFrameworks/ProtectedCloudStorage.framework/Versions/A/ProtectedCloudStorage
0x00000000015a2000 	/usr/lib/libCoreStorage.dylib
0x00000000015a2000 	/System/Library/PrivateFrameworks/EFILogin.framework/Versions/A/EFILogin
0x00000000015a2000 	/usr/lib/libutil.dylib
0x00000000015a2000 	/System/Library/PrivateFrameworks/FindMyDevice.framework/Versions/A/FindMyDevice
0x00000000015a2000 	/System/Library/Frameworks/LDAP.framework/Versions/A/LDAP
0x00000000015a2000 	/usr/lib/libsasl2.2.dylib
0x00000000015a2000 	/System/Library/PrivateFrameworks/CoreDaemon.framework/Versions/B/CoreDaemon
0x00000000015a2000 	/usr/lib/libcrypto.0.9.8.dylib
0x00000000015a2000 	/System/Library/PrivateFrameworks/AppleSRP.framework/Versions/A/AppleSRP
0x00000000015a2000 	/System/Library/PrivateFrameworks/TrustEvaluationAgent.framework/Versions/A/TrustEvaluationAgent
0x00000001225c1000 	/Library/Java/JavaVirtualMachines/jdk1.8.0_92.jdk/Contents/Home/jre/lib/libglass.dylib
0x00000000015a2000 	/System/Library/PrivateFrameworks/CoreServicesInternal.framework/Versions/A/CoreServicesInternal
0x00000000015a2000 	/System/Library/CoreServices/RawCamera.bundle/Contents/MacOS/RawCamera
0x00000000015a2000 	/System/Library/Frameworks/CoreGraphics.framework/Versions/A/Resources/libRIP.A.dylib
0x00000000015a2000 	/System/Library/Frameworks/Accelerate.framework/Versions/A/Frameworks/vImage.framework/Versions/A/Libraries/libCGInterfaces.dylib
0x00000000015a2000 	/System/Library/PrivateFrameworks/FamilyControls.framework/Versions/A/FamilyControls
0x00000000015a2000 	/System/Library/PrivateFrameworks/CommerceKit.framework/Versions/A/Frameworks/CommerceCore.framework/Versions/A/CommerceCore
0x00000000015a2000 	/System/Library/PrivateFrameworks/SystemAdministration.framework/Versions/A/SystemAdministration
0x00000000015a2000 	/System/Library/PrivateFrameworks/AppContainer.framework/Versions/A/AppContainer
0x00000000015a2000 	/System/Library/PrivateFrameworks/SecCodeWrapper.framework/Versions/A/SecCodeWrapper
0x00000000015a2000 	/System/Library/Frameworks/DirectoryService.framework/Versions/A/DirectoryService
0x00000000015a2000 	/System/Library/PrivateFrameworks/LoginUIKit.framework/Versions/A/Frameworks/LoginUICore.framework/Versions/A/LoginUICore
0x00000000015a2000 	/usr/lib/libodfde.dylib
0x0000000126122000 	/Library/Java/JavaVirtualMachines/jdk1.8.0_92.jdk/Contents/Home/jre/lib/libosx.dylib
0x0000000126130000 	/Library/Java/JavaVirtualMachines/jdk1.8.0_92.jdk/Contents/Home/jre/lib/./libosxapp.dylib
0x00000000015a2000 	/System/Library/Frameworks/ExceptionHandling.framework/Versions/A/ExceptionHandling
0x0000000126172000 	/Library/Java/JavaVirtualMachines/jdk1.8.0_92.jdk/Contents/Home/jre/lib/libjavafx_font.dylib
0x00000000015a2000 	/System/Library/Frameworks/CoreGraphics.framework/Versions/A/Resources/libCGXType.A.dylib
0x0000000129efa000 	/Library/Java/JavaVirtualMachines/jdk1.8.0_92.jdk/Contents/Home/jre/lib/libjfxwebkit.dylib
0x000000012c5b0000 	/Library/Java/JavaVirtualMachines/jdk1.8.0_92.jdk/Contents/Home/jre/lib/libnet.dylib
0x0000000129e3e000 	cl_kernels
0x00000000015a2000 	/System/Library/Frameworks/OpenCL.framework/Versions/A/Libraries/ImageFormats/unorm8_bgra.dylib
0x00000000015a2000 	/System/Library/Frameworks/OpenCL.framework/Versions/A/Libraries/ImageFormats/unorm8_rgba.dylib
0x0000000123659000 	/Library/Java/JavaVirtualMachines/jdk1.8.0_92.jdk/Contents/Home/jre/lib/libnio.dylib
0x0000000127a1e000 	/System/Library/Extensions/GeForceMTLDriver.bundle/Contents/MacOS/GeForceMTLDriver
0x000000013310f000 	/System/Library/Extensions/AppleIntelHD4000GraphicsMTLDriver.bundle/Contents/MacOS/AppleIntelHD4000GraphicsMTLDriver
0x0000000135c40000 	/Library/Java/JavaVirtualMachines/jdk1.8.0_92.jdk/Contents/Home/jre/lib/libprism_common.dylib
0x0000000127de1000 	/Library/Java/JavaVirtualMachines/jdk1.8.0_92.jdk/Contents/Home/jre/lib/libjavafx_iio.dylib
0x000000013bac0000 	/Library/Java/JavaVirtualMachines/jdk1.8.0_92.jdk/Contents/Home/jre/lib/libglib-lite.dylib
0x000000013bbe2000 	/Library/Java/JavaVirtualMachines/jdk1.8.0_92.jdk/Contents/Home/jre/lib/libgstreamer-lite.dylib
0x000000013bd5b000 	/Library/Java/JavaVirtualMachines/jdk1.8.0_92.jdk/Contents/Home/jre/lib/libjfxmedia.dylib
0x000000013bd96000 	/Library/Java/JavaVirtualMachines/jdk1.8.0_92.jdk/Contents/Home/jre/lib/libjfxmedia_avf.dylib
0x00000000015a2000 	/System/Library/Frameworks/AVFoundation.framework/Versions/A/AVFoundation
0x00000000015a2000 	/System/Library/Frameworks/CoreMedia.framework/Versions/A/CoreMedia
0x00000000015a2000 	/System/Library/Frameworks/MediaToolbox.framework/Versions/A/MediaToolbox
0x00000000015a2000 	/System/Library/Frameworks/AVFoundation.framework/Versions/A/Resources/libAVFAudio.dylib
0x00000000015a2000 	/System/Library/Frameworks/VideoToolbox.framework/Versions/A/VideoToolbox
0x00000000015a2000 	/System/Library/Frameworks/CoreMediaIO.framework/Versions/A/CoreMediaIO
0x00000000015a2000 	/usr/lib/libspindump.dylib
0x00000000015a2000 	/System/Library/PrivateFrameworks/CoreAVCHD.framework/Versions/A/CoreAVCHD
0x00000000015a2000 	/System/Library/Frameworks/MediaAccessibility.framework/Versions/A/MediaAccessibility
0x00000000015a2000 	/System/Library/PrivateFrameworks/Mangrove.framework/Versions/A/Mangrove
0x00000000015a2000 	/System/Library/PrivateFrameworks/CoreAUC.framework/Versions/A/CoreAUC
0x00000000015a2000 	/System/Library/PrivateFrameworks/AppleVA.framework/Versions/A/AppleVA
0x00000000015a2000 	/System/Library/PrivateFrameworks/XPCService.framework/Versions/A/XPCService
0x00000000015a2000 	/System/Library/PrivateFrameworks/AppSandbox.framework/Versions/A/AppSandbox
0x00000000015a2000 	/usr/lib/libsandbox.1.dylib
0x00000000015a2000 	/usr/lib/libMatch.1.dylib
0x000000013bdcb000 	/Library/Java/JavaVirtualMachines/jdk1.8.0_92.jdk/Contents/Home/jre/lib/libjfxmedia_qtkit.dylib
0x00000000015a2000 	/System/Library/Frameworks/QTKit.framework/Versions/A/QTKit
0x00000000015a2000 	/System/Library/PrivateFrameworks/CoreMediaAuthoring.framework/Versions/A/CoreMediaAuthoring
0x000000013bdd8000 	/Library/Java/JavaVirtualMachines/jdk1.8.0_92.jdk/Contents/Home/jre/lib/libfxplugins.dylib
0x000000013be03000 	/System/Library/Frameworks/VideoDecodeAcceleration.framework/Versions/A/VideoDecodeAcceleration
0x000000013befc000 	/System/Library/Extensions/AppleHDA.kext/Contents/PlugIns/AppleHDAHALPlugIn.bundle/Contents/MacOS/AppleHDAHALPlugIn
0x000000013bf95000 	/System/Library/Components/CoreAudio.component/Contents/MacOS/CoreAudio
0x000000013c15b000 	/System/Library/Components/AudioCodecs.component/Contents/MacOS/AudioCodecs

VM Arguments:
jvm_args: -Xverify:none -Dbrowser.rootdir=/Users/antonepple/Desktop/javaone2016/starwars/client/src/main/webapp/ -Dnetbeans.inspect.port=53863 -Ddebug=false 
java_command: com.dukescript.starwars.Main
java_class_path (initial): /Users/antonepple/Desktop/javaone2016/starwars/client/target/test-classes:/Users/antonepple/Desktop/javaone2016/starwars/client/target/classes:/Users/antonepple/.m2/repository/org/netbeans/html/net.java.html/1.3/net.java.html-1.3.jar:/Users/antonepple/.m2/repository/org/netbeans/html/net.java.html.json/1.3/net.java.html.json-1.3.jar:/Users/antonepple/.m2/repository/org/netbeans/html/net.java.html.boot/1.3/net.java.html.boot-1.3.jar:/Users/antonepple/.m2/repository/org/netbeans/html/net.java.html.sound/1.3/net.java.html.sound-1.3.jar:/Users/antonepple/.m2/repository/org/netbeans/html/ko4j/1.3/ko4j-1.3.jar:/Users/antonepple/.m2/repository/com/dukescript/starwars-js/1.0-SNAPSHOT/starwars-js-1.0-SNAPSHOT.jar:/Users/antonepple/.m2/repository/org/netbeans/html/net.java.html.boot.fx/1.3/net.java.html.boot.fx-1.3.jar:/Library/Java/JavaVirtualMachines/jdk1.8.0_92.jdk/Contents/Home/jre/lib/ext/jfxrt.jar:/Users/antonepple/.m2/repository/com/dukescript/api/junit-osgi/4.12/junit-osgi-4.12.jar:/Users/antonepple/.m2/repository/org/hamcrest/hamcrest-core/1.3/hamcrest-core-1.3.jar:/Users/antonepple/.m2/repository/com/dukescript/api/junit-browser-runner/0.8/junit-browser-runner-0.8.jar:/Users/antonepple/.m2/repository/org/apidesign/bck2brwsr/emul/0.19/emul-0.19-rt.jar:/Users/antonepple/.m2/repository/org/apidesign/bck2brwsr/emul/0.19/emul-0.19-bck2brwsr.jar:/Users/antonepple/.m2/repository/org/apidesign/bck2brwsr/launcher.http/0.19/launcher.http-0.19.jar:/Users/antonepple/.m2/repository/org/apidesign/bck2brwsr/launcher/0.19/launcher-0.19.jar:/Users/antonepple/.m2/repository/org/apidesign/bck2brwsr/launcher.fx/0.19/launcher.fx-0.19.jar:/Users/antonepple/.m2/repository/org/apidesign/bck2brwsr/core/0.19/core-0.19.jar:/Users/antonepple/.m2/repository/org/ow2/asm/asm/4.1/asm-4.1.jar:/Users/antonepple/.m2/repository/org/glassfish/grizzly/grizzly-websockets-server/2.3.3/grizzly-websockets-server-2.3.3.jar:/Users/antonepple/.m2/repository/org/glassfish/grizzly/gr
Launcher Type: SUN_STANDARD

Environment Variables:
JAVA_HOME=/Library/Java/JavaVirtualMachines/jdk1.8.0_92.jdk/Contents/Home
PATH=/usr/bin:/bin:/usr/sbin:/sbin
SHELL=/bin/bash

Signal Handlers:
SIGSEGV: [libjvm.dylib+0x5aa779], sa_mask[0]=11111111011111110111111111111111, sa_flags=SA_ONSTACK|SA_RESTART|SA_SIGINFO
SIGBUS: [libjvm.dylib+0x5aa779], sa_mask[0]=11111111011111110111111111111111, sa_flags=SA_RESTART|SA_SIGINFO
SIGFPE: [libjvm.dylib+0x4831d0], sa_mask[0]=11111111011111110111111111111111, sa_flags=SA_RESTART|SA_SIGINFO
SIGPIPE: [libjvm.dylib+0x4831d0], sa_mask[0]=11111111011111110111111111111111, sa_flags=SA_RESTART|SA_SIGINFO
SIGXFSZ: [libjvm.dylib+0x4831d0], sa_mask[0]=11111111011111110111111111111111, sa_flags=SA_RESTART|SA_SIGINFO
SIGILL: [libjvm.dylib+0x4831d0], sa_mask[0]=11111111011111110111111111111111, sa_flags=SA_RESTART|SA_SIGINFO
SIGUSR1: SIG_DFL, sa_mask[0]=00000000000000000000000000000000, sa_flags=none
SIGUSR2: [libjvm.dylib+0x482cee], sa_mask[0]=00100000000000000000000000000000, sa_flags=SA_RESTART|SA_SIGINFO
SIGHUP: [libjvm.dylib+0x4812c5], sa_mask[0]=11111111011111110111111111111111, sa_flags=SA_RESTART|SA_SIGINFO
SIGINT: SIG_IGN, sa_mask[0]=00000000000000000000000000000000, sa_flags=none
SIGTERM: [libjvm.dylib+0x4812c5], sa_mask[0]=11111111011111110111111111111111, sa_flags=SA_RESTART|SA_SIGINFO
SIGQUIT: [libjvm.dylib+0x4812c5], sa_mask[0]=11111111011111110111111111111111, sa_flags=SA_RESTART|SA_SIGINFO


---------------  S Y S T E M  ---------------

OS:Bsduname:Darwin 15.6.0 Darwin Kernel Version 15.6.0: Thu Jun 23 18:25:34 PDT 2016; root:xnu-3248.60.10~1/RELEASE_X86_64 x86_64
rlimit: STACK 8192k, CORE 0k, NPROC 709, NOFILE 10240, AS infinity
load average:2.32 2.34 2.46

CPU:total 8 (4 cores per cpu, 2 threads per core) family 6 model 58 stepping 9, cmov, cx8, fxsr, mmx, sse, sse2, sse3, ssse3, sse4.1, sse4.2, popcnt, avx, aes, clmul, erms, ht, tsc, tscinvbit, tscinv

Memory: 4k page, physical 16777216k(2348032k free)

/proc/meminfo:


vm_info: Java HotSpot(TM) 64-Bit Server VM (25.92-b14) for bsd-amd64 JRE (1.8.0_92-b14), built on Mar 31 2016 21:23:14 by "java_re" with gcc 4.2.1 (Based on Apple Inc. build 5658) (LLVM build 2336.11.00)

time: Tue Sep  6 17:25:31 2016
elapsed time: 71 seconds (0d 0h 1m 11s)

