#
# A fatal error has been detected by the Java Runtime Environment:
#
#  SIGSEGV (0xb) at pc=0x000000012aaf9464, pid=40777, tid=0x0000000000000a0b
#
# JRE version: Java(TM) SE Runtime Environment (8.0_92-b14) (build 1.8.0_92-b14)
# Java VM: Java HotSpot(TM) 64-Bit Server VM (25.92-b14 mixed mode bsd-amd64 compressed oops)
# Problematic frame:
# C  [libjfxwebkit.dylib+0x49f464]  WTF::KeyValuePair<JSC::ClassInfo const*, JSC::WriteBarrier<JSC::Structure> >* WTF::HashTable<JSC::ClassInfo const*, WTF::KeyValuePair<JSC::ClassInfo const*, JSC::WriteBarrier<JSC::Structure> >, WTF::KeyValuePairKeyExtractor<WTF::KeyValuePair<JSC::ClassInfo const*, JSC::WriteBarrier<JSC::Structure> > >, WTF::PtrHash<JSC::ClassInfo const*>, WTF::HashMap<JSC::ClassInfo const*, JSC::WriteBarrier<JSC::Structure>, WTF::PtrHash<JSC::ClassInfo const*>, WTF::HashTraits<JSC::ClassInfo const*>, WTF::HashTraits<JSC::WriteBarrier<JSC::Structure> > >::KeyValuePairTraits, WTF::HashTraits<JSC::ClassInfo const*> >::lookup<WTF::IdentityHashTranslator<WTF::PtrHash<JSC::ClassInfo const*> >, JSC::ClassInfo const*>(JSC::ClassInfo const* const&)+0x4
#
# Failed to write core dump. Core dumps have been disabled. To enable core dumping, try "ulimit -c unlimited" before starting Java again
#
# If you would like to submit a bug report, please visit:
#   http://bugreport.java.com/bugreport/crash.jsp
# The crash happened outside the Java Virtual Machine in native code.
# See problematic frame for where to report the bug.
#

---------------  T H R E A D  ---------------

Current thread (0x00007fe9968e5000):  JavaThread "JavaFX Application Thread" [_thread_in_native, id=2571, stack(0x00007fff5bde4000,0x00007fff5c5e4000)]

siginfo: si_signo: 11 (SIGSEGV), si_code: 1 (SEGV_MAPERR), si_addr: 0x0000000000000490

Registers:
RAX=0x0000000134fb0000, RBX=0x0000000000000000, RCX=0x0000000000001e80, RDX=0x00007fe99953df30
RSP=0x00007fff5c5db650, RBP=0x00007fff5c5db650, RSI=0x00007fff5c5db668, RDI=0x0000000000000490
R8 =0x00000000000001ff, R9 =0x000000012c1bb1b8, R10=0x00007fe9948dc680, R11=0x000000003829377d
R12=0x00007fe9932a5e00, R13=0x00007fe9968e51f8, R14=0x0000000134fbf4b0, R15=0x00007fe99953df30
RIP=0x000000012aaf9464, EFLAGS=0x0000000000010206, ERR=0x0000000000000004
  TRAPNO=0x000000000000000e

Top of Stack: (sp=0x00007fff5c5db650)
0x00007fff5c5db650:   00007fff5c5db670 000000012aaf81ec
0x00007fff5c5db660:   00007fff5c5db680 000000012c072b00
0x00007fff5c5db670:   00007fff5c5db6d0 000000012aaadf6b
0x00007fff5c5db680:   00007fe99c78ec80 000000012ab35834
0x00007fff5c5db690:   0000000000000000 0000000000000000
0x00007fff5c5db6a0:   00007fe9932a5e00 00007fe99953df30
0x00007fff5c5db6b0:   00007fff5c5db730 00007fe9968e51f8
0x00007fff5c5db6c0:   0000000000000000 0000000134fbf4b0
0x00007fff5c5db6d0:   00007fff5c5db710 000000012aa9d29a
0x00007fff5c5db6e0:   00007fe99953df30 000000012c1bb1b8
0x00007fff5c5db6f0:   00007fe99953df30 00007fe99953df30
0x00007fff5c5db700:   0000000000000000 0000000134fbf4b0
0x00007fff5c5db710:   00007fff5c5db750 000000012ab19b8e
0x00007fff5c5db720:   00007fff5c5db750 0000000103babd0f
0x00007fff5c5db730:   0000000000000000 0000000000000002
0x00007fff5c5db740:   0000000134fbf4b0 0000000000000000
0x00007fff5c5db750:   00007fff5c5db7e0 000000012b0c3614
0x00007fff5c5db760:   00007fff5c5db7e0 00007fe995152a90
0x00007fff5c5db770:   00007fff5c5db8b8 00007fe9968e5000
0x00007fff5c5db780:   0000000000000000 0000000103bbcf73
0x00007fff5c5db790:   0000000000000003 00007fe99953df30
0x00007fff5c5db7a0:   00007fe9968e5000 00007fe9968e51f8
0x00007fff5c5db7b0:   00007fff5c5db7e0 0000000000000001
0x00007fff5c5db7c0:   00007fe99951a320 00007fe99e002eb0
0x00007fff5c5db7d0:   0000000000000003 00007fe9968e51f8
0x00007fff5c5db7e0:   00007fff5c5db880 000000012b0c4e22
0x00007fff5c5db7f0:   000000011e33b9b0 0000000134ffd8b0
0x00007fff5c5db800:   0000000134ff70b0 0000000000000003
0x00007fff5c5db810:   00007fff5c5db8b0 0000000134fbf4b0
0x00007fff5c5db820:   00007fe995152a90 0000000000000000
0x00007fff5c5db830:   0000000000000000 0000000134fbf4b0
0x00007fff5c5db840:   0000000134ff70b0 00007fe9968e51f8 

Instructions: (pc=0x000000012aaf9464)
0x000000012aaf9444:   0f 45 cb 48 89 0f c6 47 08 00 eb 07 48 89 0f c6
0x000000012aaf9454:   47 08 01 48 89 f8 5b 41 5e 5d c3 90 55 48 89 e5
0x000000012aaf9464:   4c 8b 17 31 c0 4d 85 d2 0f 84 d9 00 00 00 44 8b
0x000000012aaf9474:   47 0c 4c 8b 0e 4c 89 c8 48 c1 e0 20 48 f7 d0 4c 

Register to memory mapping:

RAX=0x0000000134fb0000 is an unknown value
RBX=0x0000000000000000 is an unknown value
RCX=0x0000000000001e80 is an unknown value
RDX=0x00007fe99953df30 is an unknown value
RSP=0x00007fff5c5db650 is pointing into the stack for thread: 0x00007fe9968e5000
RBP=0x00007fff5c5db650 is pointing into the stack for thread: 0x00007fe9968e5000
RSI=0x00007fff5c5db668 is pointing into the stack for thread: 0x00007fe9968e5000
RDI=0x0000000000000490 is an unknown value
R8 =0x00000000000001ff is an unknown value
R9 =0x000000012c1bb1b8: _ZN7WebCore9HTMLNamesL10canvasDataE+0 in /Library/Java/JavaVirtualMachines/jdk1.8.0_92.jdk/Contents/Home/jre/lib/libjfxwebkit.dylib at 0x000000012a65a000
R10=0x00007fe9948dc680 is an unknown value
R11=0x000000003829377d is an unknown value
R12=0x00007fe9932a5e00 is an unknown value
R13=0x00007fe9968e51f8 is an unknown value
R14=0x0000000134fbf4b0 is an unknown value
R15=0x00007fe99953df30 is an unknown value


Stack: [0x00007fff5bde4000,0x00007fff5c5e4000],  sp=0x00007fff5c5db650,  free space=8157k
Native frames: (J=compiled Java code, j=interpreted, Vv=VM code, C=native code)
C  [libjfxwebkit.dylib+0x49f464]  WTF::KeyValuePair<JSC::ClassInfo const*, JSC::WriteBarrier<JSC::Structure> >* WTF::HashTable<JSC::ClassInfo const*, WTF::KeyValuePair<JSC::ClassInfo const*, JSC::WriteBarrier<JSC::Structure> >, WTF::KeyValuePairKeyExtractor<WTF::KeyValuePair<JSC::ClassInfo const*, JSC::WriteBarrier<JSC::Structure> > >, WTF::PtrHash<JSC::ClassInfo const*>, WTF::HashMap<JSC::ClassInfo const*, JSC::WriteBarrier<JSC::Structure>, WTF::PtrHash<JSC::ClassInfo const*>, WTF::HashTraits<JSC::ClassInfo const*>, WTF::HashTraits<JSC::WriteBarrier<JSC::Structure> > >::KeyValuePairTraits, WTF::HashTraits<JSC::ClassInfo const*> >::lookup<WTF::IdentityHashTranslator<WTF::PtrHash<JSC::ClassInfo const*> >, JSC::ClassInfo const*>(JSC::ClassInfo const* const&)+0x4
C  [libjfxwebkit.dylib+0x49e1ec]  WebCore::getCachedDOMStructure(WebCore::JSDOMGlobalObject*, JSC::ClassInfo const*)+0x1c
C  [libjfxwebkit.dylib+0x453f6b]  WebCore::JSDOMWrapper* WebCore::createWrapper<WebCore::JSHTMLCanvasElement, WebCore::HTMLCanvasElement>(JSC::ExecState*, WebCore::JSDOMGlobalObject*, WebCore::HTMLCanvasElement*)+0x3b
C  [libjfxwebkit.dylib+0x44329a]  WebCore::createJSHTMLWrapper(JSC::ExecState*, WebCore::JSDOMGlobalObject*, WTF::PassRefPtr<WebCore::HTMLElement>)+0xba
C  [libjfxwebkit.dylib+0x4bfb8e]  WebCore::createWrapper(JSC::ExecState*, WebCore::JSDOMGlobalObject*, WebCore::Node*)+0x7e
C  [libjfxwebkit.dylib+0xa69614]  WebCore::Java_Object_to_JSValue(JNIEnv_*, OpaqueJSContext const*, JSC::Bindings::RootObject*, _jobject*, _jobject*)+0x1c4
C  [libjfxwebkit.dylib+0xa6ae22]  Java_com_sun_webkit_dom_JSObject_callImpl+0x1c2
J 2821  com.sun.webkit.dom.JSObject.callImpl(JILjava/lang/String;[Ljava/lang/Object;Ljava/security/AccessControlContext;)Ljava/lang/Object; (0 bytes) @ 0x00000001062727fe [0x0000000106272700+0xfe]
J 2820 C1 com.sun.webkit.dom.JSObject.call(Ljava/lang/String;[Ljava/lang/Object;)Ljava/lang/Object; (17 bytes) @ 0x0000000106275ee4 [0x0000000106275c00+0x2e4]
J 2926 C1 org.netbeans.html.boot.fx.AbstractFXPresenter$JSFn.invokeImpl(Ljava/lang/Object;Z[Ljava/lang/Object;)Ljava/lang/Object; (328 bytes) @ 0x00000001062a8fa4 [0x00000001062a6b20+0x2484]
J 2932 C1 org.netbeans.html.boot.fx.AbstractFXPresenter$JSFn.invoke(Ljava/lang/Object;[Ljava/lang/Object;)Ljava/lang/Object; (8 bytes) @ 0x0000000105b48e7c [0x0000000105b48d80+0xfc]
J 2876 C1 org.netbeans.html.boot.spi.Fn.invokeLater(Ljava/lang/Object;[Ljava/lang/Object;)V (8 bytes) @ 0x000000010628b104 [0x000000010628b000+0x104]
j  com.dukescript.impl.canvas.HTML5GraphicsEnvironment.setFillStyleImpl(Ljava/lang/Object;Ljava/lang/Object;)V+68
j  com.dukescript.impl.canvas.HTML5GraphicsEnvironment.setFillStyle(Ljava/lang/Object;Lcom/dukescript/api/canvas/Style;Ljava/lang/Object;)Ljava/lang/Object;+14
j  com.dukescript.api.canvas.GraphicsContext2DImpl.setFillStyle(Lcom/dukescript/api/canvas/Style;)V+13
j  com.dukescript.starwars.DataModel.onPageLoad()V+45
j  com.dukescript.starwars.Main.onPageLoad()V+0
v  ~StubRoutines::call_stub
V  [libjvm.dylib+0x2ecc9a]  JavaCalls::call_helper(JavaValue*, methodHandle*, JavaCallArguments*, Thread*)+0x6ae
V  [libjvm.dylib+0x4cdb7c]  Reflection::invoke(instanceKlassHandle, methodHandle, Handle, bool, objArrayHandle, BasicType, objArrayHandle, bool, Thread*)+0xe12
V  [libjvm.dylib+0x4ce0b0]  Reflection::invoke_method(oopDesc*, Handle, objArrayHandle, Thread*)+0x16c
V  [libjvm.dylib+0x345118]  JVM_InvokeMethod+0x166
j  sun.reflect.NativeMethodAccessorImpl.invoke0(Ljava/lang/reflect/Method;Ljava/lang/Object;[Ljava/lang/Object;)Ljava/lang/Object;+0
j  sun.reflect.NativeMethodAccessorImpl.invoke(Ljava/lang/Object;[Ljava/lang/Object;)Ljava/lang/Object;+100
J 2415 C1 sun.reflect.DelegatingMethodAccessorImpl.invoke(Ljava/lang/Object;[Ljava/lang/Object;)Ljava/lang/Object; (10 bytes) @ 0x000000010614068c [0x0000000106140580+0x10c]
J 2414 C1 java.lang.reflect.Method.invoke(Ljava/lang/Object;[Ljava/lang/Object;)Ljava/lang/Object; (62 bytes) @ 0x000000010613f59c [0x000000010613f1a0+0x3fc]
j  net.java.html.boot.BrowserBuilder$1OnPageLoad$1CallInitMethod.run()V+128
J 3005 C1 net.java.html.BrwsrCtx$1Wrap.run()V (50 bytes) @ 0x00000001062fefb4 [0x00000001062fe8a0+0x714]
J 3154 C1 org.netbeans.html.boot.fx.AbstractFXPresenter.execute(Ljava/lang/Runnable;)V (62 bytes) @ 0x0000000105d4177c [0x0000000105d40fa0+0x7dc]
J 3003 C1 net.java.html.BrwsrCtx.execute(Ljava/lang/Runnable;)V (39 bytes) @ 0x00000001062fe254 [0x00000001062fde40+0x414]
j  net.java.html.boot.BrowserBuilder$1OnPageLoad.run()V+146
j  org.netbeans.html.boot.fx.AbstractFXPresenter.onPageLoad()V+12
j  org.netbeans.html.boot.fx.FXBrwsr$4.changed(Ljavafx/beans/value/ObservableValue;Ljavafx/concurrent/Worker$State;Ljavafx/concurrent/Worker$State;)V+31
j  org.netbeans.html.boot.fx.FXBrwsr$4.changed(Ljavafx/beans/value/ObservableValue;Ljava/lang/Object;Ljava/lang/Object;)V+10
j  com.sun.javafx.binding.ExpressionHelper$SingleChange.fireValueChangedEvent()V+71
J 826 C1 com.sun.javafx.binding.ExpressionHelper.fireValueChangedEvent(Lcom/sun/javafx/binding/ExpressionHelper;)V (9 bytes) @ 0x0000000105d2f41c [0x0000000105d2f300+0x11c]
j  javafx.beans.property.ReadOnlyObjectPropertyBase.fireValueChangedEvent()V+4
j  javafx.beans.property.ReadOnlyObjectWrapper.fireValueChangedEvent()V+15
J 832 C1 javafx.beans.property.ObjectPropertyBase.set(Ljava/lang/Object;)V (110 bytes) @ 0x0000000105d3babc [0x0000000105d3b320+0x79c]
j  javafx.scene.web.WebEngine$LoadWorker.updateState(Ljavafx/concurrent/Worker$State;)V+8
j  javafx.scene.web.WebEngine$LoadWorker.dispatchLoadEvent(JILjava/lang/String;Ljava/lang/String;DI)V+203
j  javafx.scene.web.WebEngine$LoadWorker.access$1200(Ljavafx/scene/web/WebEngine$LoadWorker;JILjava/lang/String;Ljava/lang/String;DI)V+11
j  javafx.scene.web.WebEngine$PageLoadListener.dispatchLoadEvent(JILjava/lang/String;Ljava/lang/String;DI)V+32
j  com.sun.webkit.WebPage.fireLoadEvent(JILjava/lang/String;Ljava/lang/String;DI)V+45
j  com.sun.webkit.WebPage.fwkFireLoadEvent(JILjava/lang/String;Ljava/lang/String;DI)V+94
v  ~StubRoutines::call_stub
V  [libjvm.dylib+0x2ecc9a]  JavaCalls::call_helper(JavaValue*, methodHandle*, JavaCallArguments*, Thread*)+0x6ae
V  [libjvm.dylib+0x323ea5]  jni_invoke_nonstatic(JNIEnv_*, JavaValue*, _jobject*, JNICallType, _jmethodID*, JNI_ArgumentPusher*, Thread*)+0x2ec
V  [libjvm.dylib+0x3167bd]  jni_CallVoidMethodV+0xf8
C  [libjfxwebkit.dylib+0x48d84a]  JNIEnv_::CallVoidMethod(_jobject*, _jmethodID*, ...)+0x8a
C  [libjfxwebkit.dylib+0xa74915]  WebCore::FrameLoaderClientJava::postLoadEvent(WebCore::Frame*, int, WTF::String, WTF::String, double, int)+0x155
C  [libjfxwebkit.dylib+0xa76e8a]  WebCore::FrameLoaderClientJava::dispatchDidFinishLoad()+0x7a
C  [libjfxwebkit.dylib+0x944466]  WebCore::FrameLoader::checkLoadCompleteForThisFrame()+0x116
C  [libjfxwebkit.dylib+0x93c838]  WebCore::FrameLoader::checkLoadComplete()+0x138
C  [libjfxwebkit.dylib+0x9668db]  WebCore::SubresourceLoader::didFinishLoading(double)+0x8b
j  com.sun.webkit.network.URLLoader.twkDidFinishLoading(J)V+0
j  com.sun.webkit.network.URLLoader.notifyDidFinishLoading()V+44
j  com.sun.webkit.network.URLLoader.lambda$didFinishLoading$98()V+8
j  com.sun.webkit.network.URLLoader$$Lambda$171.run()V+4
J 2933 C1 com.sun.javafx.application.PlatformImpl$$Lambda$51.run()Ljava/lang/Object; (8 bytes) @ 0x0000000105b489cc [0x0000000105b48880+0x14c]
v  ~StubRoutines::call_stub
V  [libjvm.dylib+0x2ecc9a]  JavaCalls::call_helper(JavaValue*, methodHandle*, JavaCallArguments*, Thread*)+0x6ae
V  [libjvm.dylib+0x34d430]  JVM_DoPrivileged+0x4b8
J 1546  java.security.AccessController.doPrivileged(Ljava/security/PrivilegedAction;Ljava/security/AccessControlContext;)Ljava/lang/Object; (0 bytes) @ 0x0000000105edddd5 [0x0000000105eddd00+0xd5]
J 2799 C1 com.sun.javafx.application.PlatformImpl.lambda$runLater$174(Ljava/lang/Runnable;Ljava/security/AccessControlContext;)V (38 bytes) @ 0x0000000106266a9c [0x0000000106266680+0x41c]
J 2798 C1 com.sun.javafx.application.PlatformImpl$$Lambda$50.run()V (12 bytes) @ 0x0000000106259d0c [0x0000000106259c80+0x8c]
J 3927 C2 com.sun.glass.ui.InvokeLaterDispatcher$Future.run()V (91 bytes) @ 0x0000000105c5012c [0x0000000105c500e0+0x4c]
v  ~StubRoutines::call_stub
V  [libjvm.dylib+0x2ecc9a]  JavaCalls::call_helper(JavaValue*, methodHandle*, JavaCallArguments*, Thread*)+0x6ae
V  [libjvm.dylib+0x323ea5]  jni_invoke_nonstatic(JNIEnv_*, JavaValue*, _jobject*, JNICallType, _jmethodID*, JNI_ArgumentPusher*, Thread*)+0x2ec
V  [libjvm.dylib+0x316673]  jni_CallVoidMethod+0x16b
C  [libglass.dylib+0x45db]  -[GlassRunnable run]+0x6b
C  [Foundation+0x76fde]  __NSThreadPerformPerform+0x117
C  [CoreFoundation+0xaa881]  __CFRUNLOOP_IS_CALLING_OUT_TO_A_SOURCE0_PERFORM_FUNCTION__+0x11
C  [CoreFoundation+0x89fbc]  __CFRunLoopDoSources0+0x22c
C  [CoreFoundation+0x894df]  __CFRunLoopRun+0x39f
C  [CoreFoundation+0x88ed8]  CFRunLoopRunSpecific+0x128
C  [HIToolbox+0x30935]  RunCurrentEventLoopInMode+0xeb
C  [HIToolbox+0x3076f]  ReceiveNextEventCommon+0x1b0
C  [HIToolbox+0x305af]  _BlockUntilNextEventMatchingListInModeWithFilter+0x47
C  [AppKit+0x48df6]  _DPSNextEvent+0x42b
C  [AppKit+0x48226]  -[NSApplication _nextEventMatchingEventMask:untilDate:inMode:dequeue:]+0x1c6
C  [AppKit+0x3cd80]  -[NSApplication run]+0x2aa
C  [libglass.dylib+0x658c]  -[GlassApplication runLoop:]+0x72c
C  [Foundation+0x76fde]  __NSThreadPerformPerform+0x117
C  [CoreFoundation+0xaa881]  __CFRUNLOOP_IS_CALLING_OUT_TO_A_SOURCE0_PERFORM_FUNCTION__+0x11
C  [CoreFoundation+0x89fbc]  __CFRunLoopDoSources0+0x22c
C  [CoreFoundation+0x894df]  __CFRunLoopRun+0x39f
C  [CoreFoundation+0x88ed8]  CFRunLoopRunSpecific+0x128
C  [java+0x6465]  CreateExecutionEnvironment+0x367
C  [java+0x218c]  JLI_Launch+0x7a0
C  [java+0x84c2]  main+0x65
C  [java+0x19e4]  start+0x34
C  0x0000000000000008

Java frames: (J=compiled Java code, j=interpreted, Vv=VM code)
J 2821  com.sun.webkit.dom.JSObject.callImpl(JILjava/lang/String;[Ljava/lang/Object;Ljava/security/AccessControlContext;)Ljava/lang/Object; (0 bytes) @ 0x0000000106272784 [0x0000000106272700+0x84]
J 2820 C1 com.sun.webkit.dom.JSObject.call(Ljava/lang/String;[Ljava/lang/Object;)Ljava/lang/Object; (17 bytes) @ 0x0000000106275ee4 [0x0000000106275c00+0x2e4]
J 2926 C1 org.netbeans.html.boot.fx.AbstractFXPresenter$JSFn.invokeImpl(Ljava/lang/Object;Z[Ljava/lang/Object;)Ljava/lang/Object; (328 bytes) @ 0x00000001062a8fa4 [0x00000001062a6b20+0x2484]
J 2932 C1 org.netbeans.html.boot.fx.AbstractFXPresenter$JSFn.invoke(Ljava/lang/Object;[Ljava/lang/Object;)Ljava/lang/Object; (8 bytes) @ 0x0000000105b48e7c [0x0000000105b48d80+0xfc]
J 2876 C1 org.netbeans.html.boot.spi.Fn.invokeLater(Ljava/lang/Object;[Ljava/lang/Object;)V (8 bytes) @ 0x000000010628b104 [0x000000010628b000+0x104]
j  com.dukescript.impl.canvas.HTML5GraphicsEnvironment.setFillStyleImpl(Ljava/lang/Object;Ljava/lang/Object;)V+68
j  com.dukescript.impl.canvas.HTML5GraphicsEnvironment.setFillStyle(Ljava/lang/Object;Lcom/dukescript/api/canvas/Style;Ljava/lang/Object;)Ljava/lang/Object;+14
j  com.dukescript.api.canvas.GraphicsContext2DImpl.setFillStyle(Lcom/dukescript/api/canvas/Style;)V+13
j  com.dukescript.starwars.DataModel.onPageLoad()V+45
j  com.dukescript.starwars.Main.onPageLoad()V+0
v  ~StubRoutines::call_stub
j  sun.reflect.NativeMethodAccessorImpl.invoke0(Ljava/lang/reflect/Method;Ljava/lang/Object;[Ljava/lang/Object;)Ljava/lang/Object;+0
j  sun.reflect.NativeMethodAccessorImpl.invoke(Ljava/lang/Object;[Ljava/lang/Object;)Ljava/lang/Object;+100
J 2415 C1 sun.reflect.DelegatingMethodAccessorImpl.invoke(Ljava/lang/Object;[Ljava/lang/Object;)Ljava/lang/Object; (10 bytes) @ 0x000000010614068c [0x0000000106140580+0x10c]
J 2414 C1 java.lang.reflect.Method.invoke(Ljava/lang/Object;[Ljava/lang/Object;)Ljava/lang/Object; (62 bytes) @ 0x000000010613f59c [0x000000010613f1a0+0x3fc]
j  net.java.html.boot.BrowserBuilder$1OnPageLoad$1CallInitMethod.run()V+128
J 3005 C1 net.java.html.BrwsrCtx$1Wrap.run()V (50 bytes) @ 0x00000001062fefb4 [0x00000001062fe8a0+0x714]
J 3154 C1 org.netbeans.html.boot.fx.AbstractFXPresenter.execute(Ljava/lang/Runnable;)V (62 bytes) @ 0x0000000105d4177c [0x0000000105d40fa0+0x7dc]
J 3003 C1 net.java.html.BrwsrCtx.execute(Ljava/lang/Runnable;)V (39 bytes) @ 0x00000001062fe254 [0x00000001062fde40+0x414]
j  net.java.html.boot.BrowserBuilder$1OnPageLoad.run()V+146
j  org.netbeans.html.boot.fx.AbstractFXPresenter.onPageLoad()V+12
j  org.netbeans.html.boot.fx.FXBrwsr$4.changed(Ljavafx/beans/value/ObservableValue;Ljavafx/concurrent/Worker$State;Ljavafx/concurrent/Worker$State;)V+31
j  org.netbeans.html.boot.fx.FXBrwsr$4.changed(Ljavafx/beans/value/ObservableValue;Ljava/lang/Object;Ljava/lang/Object;)V+10
j  com.sun.javafx.binding.ExpressionHelper$SingleChange.fireValueChangedEvent()V+71
J 826 C1 com.sun.javafx.binding.ExpressionHelper.fireValueChangedEvent(Lcom/sun/javafx/binding/ExpressionHelper;)V (9 bytes) @ 0x0000000105d2f41c [0x0000000105d2f300+0x11c]
j  javafx.beans.property.ReadOnlyObjectPropertyBase.fireValueChangedEvent()V+4
j  javafx.beans.property.ReadOnlyObjectWrapper.fireValueChangedEvent()V+15
J 832 C1 javafx.beans.property.ObjectPropertyBase.set(Ljava/lang/Object;)V (110 bytes) @ 0x0000000105d3babc [0x0000000105d3b320+0x79c]
j  javafx.scene.web.WebEngine$LoadWorker.updateState(Ljavafx/concurrent/Worker$State;)V+8
j  javafx.scene.web.WebEngine$LoadWorker.dispatchLoadEvent(JILjava/lang/String;Ljava/lang/String;DI)V+203
j  javafx.scene.web.WebEngine$LoadWorker.access$1200(Ljavafx/scene/web/WebEngine$LoadWorker;JILjava/lang/String;Ljava/lang/String;DI)V+11
j  javafx.scene.web.WebEngine$PageLoadListener.dispatchLoadEvent(JILjava/lang/String;Ljava/lang/String;DI)V+32
j  com.sun.webkit.WebPage.fireLoadEvent(JILjava/lang/String;Ljava/lang/String;DI)V+45
j  com.sun.webkit.WebPage.fwkFireLoadEvent(JILjava/lang/String;Ljava/lang/String;DI)V+94
v  ~StubRoutines::call_stub
j  com.sun.webkit.network.URLLoader.twkDidFinishLoading(J)V+0
j  com.sun.webkit.network.URLLoader.notifyDidFinishLoading()V+44
j  com.sun.webkit.network.URLLoader.lambda$didFinishLoading$98()V+8
j  com.sun.webkit.network.URLLoader$$Lambda$171.run()V+4
J 2933 C1 com.sun.javafx.application.PlatformImpl$$Lambda$51.run()Ljava/lang/Object; (8 bytes) @ 0x0000000105b489cc [0x0000000105b48880+0x14c]
v  ~StubRoutines::call_stub
J 1546  java.security.AccessController.doPrivileged(Ljava/security/PrivilegedAction;Ljava/security/AccessControlContext;)Ljava/lang/Object; (0 bytes) @ 0x0000000105eddd63 [0x0000000105eddd00+0x63]
J 2799 C1 com.sun.javafx.application.PlatformImpl.lambda$runLater$174(Ljava/lang/Runnable;Ljava/security/AccessControlContext;)V (38 bytes) @ 0x0000000106266a9c [0x0000000106266680+0x41c]
J 2798 C1 com.sun.javafx.application.PlatformImpl$$Lambda$50.run()V (12 bytes) @ 0x0000000106259d0c [0x0000000106259c80+0x8c]
J 3927 C2 com.sun.glass.ui.InvokeLaterDispatcher$Future.run()V (91 bytes) @ 0x0000000105c5012c [0x0000000105c500e0+0x4c]
v  ~StubRoutines::call_stub

---------------  P R O C E S S  ---------------

Java Threads: ( => current thread )
  0x00007fe99ca21000 JavaThread "URL-Loader-10" daemon [_thread_blocked, id=56851, stack(0x0000700002598000,0x0000700002698000)]
  0x00007fe99400c000 JavaThread "URL-Loader-9" daemon [_thread_blocked, id=99847, stack(0x0000700002392000,0x0000700002492000)]
  0x00007fe99ca22000 JavaThread "URL-Loader-8" daemon [_thread_blocked, id=99087, stack(0x0000700001c71000,0x0000700001d71000)]
  0x00007fe99ca47000 JavaThread "URL-Loader-7" daemon [_thread_blocked, id=15499, stack(0x0000700001b6e000,0x0000700001c6e000)]
  0x00007fe996208000 JavaThread "Prism Font Disposer" daemon [_thread_blocked, id=68367, stack(0x0000700002495000,0x0000700002595000)]
  0x00007fe9932cc000 JavaThread "Watching files in /Users/antonepple/Desktop/javaone2016/starwars/client/src/main/webapp/pages" daemon [_thread_blocked, id=66051, stack(0x000070000228f000,0x000070000238f000)]
  0x00007fe9932cb000 JavaThread "Thread-8" daemon [_thread_blocked, id=65827, stack(0x000070000218c000,0x000070000228c000)]
  0x00007fe99611e000 JavaThread "FX<->NetBeans Inspector" [_thread_in_native, id=64791, stack(0x0000700002089000,0x0000700002189000)]
  0x00007fe99326d800 JavaThread "Disposer" daemon [_thread_blocked, id=60183, stack(0x0000700001f03000,0x0000700002003000)]
  0x00007fe996a3a800 JavaThread "Timer-0" daemon [_thread_blocked, id=53763, stack(0x0000700001a6b000,0x0000700001b6b000)]
  0x00007fe993205000 JavaThread "Thread-5" daemon [_thread_in_native, id=41731, stack(0x0000700001965000,0x00007000019e5000)]
=>0x00007fe9968e5000 JavaThread "JavaFX Application Thread" [_thread_in_native, id=2571, stack(0x00007fff5bde4000,0x00007fff5c5e4000)]
  0x00007fe995880000 JavaThread "Thread-3" daemon [_thread_blocked, id=28931, stack(0x0000700001862000,0x0000700001962000)]
  0x00007fe99387e000 JavaThread "JavaFX-Launcher" [_thread_blocked, id=28419, stack(0x000070000175f000,0x000070000185f000)]
  0x00007fe9968ab000 JavaThread "QuantumRenderer-0" daemon [_thread_in_native, id=22531, stack(0x00007000015d9000,0x00007000016d9000)]
  0x00007fe99681c800 JavaThread "pool-1-thread-1" [_thread_blocked, id=22019, stack(0x00007000014d6000,0x00007000015d6000)]
  0x00007fe996017000 JavaThread "Service Thread" daemon [_thread_blocked, id=20995, stack(0x00007000012d0000,0x00007000013d0000)]
  0x00007fe996024800 JavaThread "C1 CompilerThread3" daemon [_thread_blocked, id=20483, stack(0x00007000011cd000,0x00007000012cd000)]
  0x00007fe99601b800 JavaThread "C2 CompilerThread2" daemon [_thread_blocked, id=19971, stack(0x00007000010ca000,0x00007000011ca000)]
  0x00007fe99601b000 JavaThread "C2 CompilerThread1" daemon [_thread_blocked, id=19459, stack(0x0000700000fc7000,0x00007000010c7000)]
  0x00007fe993038000 JavaThread "C2 CompilerThread0" daemon [_thread_blocked, id=18947, stack(0x0000700000ec4000,0x0000700000fc4000)]
  0x00007fe996016800 JavaThread "Signal Dispatcher" daemon [_thread_blocked, id=15887, stack(0x0000700000dc1000,0x0000700000ec1000)]
  0x00007fe993024000 JavaThread "Finalizer" daemon [_thread_blocked, id=14339, stack(0x0000700000c3b000,0x0000700000d3b000)]
  0x00007fe994806000 JavaThread "Reference Handler" daemon [_thread_blocked, id=13827, stack(0x0000700000b38000,0x0000700000c38000)]
  0x00007fe99300e000 JavaThread "main" [_thread_blocked, id=4611, stack(0x0000700000084000,0x0000700000184000)]

Other Threads:
  0x00007fe993021000 VMThread [stack: 0x0000700000a35000,0x0000700000b35000] [id=13315]
  0x00007fe994807000 WatcherThread [stack: 0x00007000013d3000,0x00007000014d3000] [id=21507]

VM state:not at safepoint (normal execution)

VM Mutex/Monitor currently owned by a thread: None

Heap:
 PSYoungGen      total 114688K, used 50486K [0x000000076ab00000, 0x0000000773e80000, 0x00000007c0000000)
  eden space 109056K, 41% used [0x000000076ab00000,0x000000076d6f3e98,0x0000000771580000)
  from space 5632K, 97% used [0x0000000771880000,0x0000000771dd9d20,0x0000000771e00000)
  to   space 20992K, 0% used [0x0000000772a00000,0x0000000772a00000,0x0000000773e80000)
 ParOldGen       total 111616K, used 19655K [0x00000006c0000000, 0x00000006c6d00000, 0x000000076ab00000)
  object space 111616K, 17% used [0x00000006c0000000,0x00000006c1331c88,0x00000006c6d00000)
 Metaspace       used 20260K, capacity 21622K, committed 21888K, reserved 1069056K
  class space    used 2626K, capacity 2880K, committed 2944K, reserved 1048576K

Card table byte_map: [0x0000000114dc0000,0x00000001155c1000] byte_map_base: 0x00000001117c0000

Marking Bits: (ParMarkBitMap*) 0x0000000104180bd0
 Begin Bits: [0x0000000115b17000, 0x0000000119b17000)
 End Bits:   [0x0000000119b17000, 0x000000011db17000)

Polling page: 0x0000000104876000

CodeCache: size=245760Kb used=11272Kb max_used=11997Kb free=234487Kb
 bounds [0x0000000105a00000, 0x00000001065e0000, 0x0000000114a00000]
 total_blobs=4204 nmethods=3425 adapters=691
 compilation: enabled

Compilation events (10 events):
Event: 51.073 Thread 0x00007fe996024800 nmethod 3947 0x0000000105ff7990 code [0x0000000105ff7b20, 0x0000000105ff7fb0]
Event: 51.073 Thread 0x00007fe99601b800 3949   !   4       java.io.BufferedReader::readLine (304 bytes)
Event: 51.073 Thread 0x00007fe996024800 3948       3       sun.reflect.ReflectionFactory::inflationThreshold (4 bytes)
Event: 51.073 Thread 0x00007fe996024800 nmethod 3948 0x0000000105e90490 code [0x0000000105e905e0, 0x0000000105e90710]
Event: 51.073 Thread 0x00007fe996024800 3950       3       sun.nio.cs.UTF_8$Decoder::decodeArrayLoop (691 bytes)
Event: 51.078 Thread 0x00007fe996024800 nmethod 3950 0x0000000106002450 code [0x0000000106002da0, 0x00000001060093c8]
Event: 51.079 Thread 0x00007fe996024800 3951       3       com.sun.webkit.dom.JSObject::<init> (15 bytes)
Event: 51.079 Thread 0x00007fe996024800 nmethod 3951 0x0000000105e22690 code [0x0000000105e22800, 0x0000000105e22a10]
Event: 51.079 Thread 0x00007fe996024800 3952       3       netscape.javascript.JSObject::<init> (5 bytes)
Event: 51.080 Thread 0x00007fe996024800 nmethod 3952 0x0000000105edd7d0 code [0x0000000105edd940, 0x0000000105eddaf0]

GC Heap History (10 events):
Event: 12.714 GC heap before
{Heap before GC invocations=4 (full 0):
 PSYoungGen      total 76288K, used 26410K [0x000000076ab00000, 0x0000000770000000, 0x00000007c0000000)
  eden space 65536K, 31% used [0x000000076ab00000,0x000000076bf24150,0x000000076eb00000)
  from space 10752K, 53% used [0x000000076eb00000,0x000000076f0a6968,0x000000076f580000)
  to   space 10752K, 0% used [0x000000076f580000,0x000000076f580000,0x0000000770000000)
 ParOldGen       total 175104K, used 16803K [0x00000006c0000000, 0x00000006cab00000, 0x000000076ab00000)
  object space 175104K, 9% used [0x00000006c0000000,0x00000006c1068ee8,0x00000006cab00000)
 Metaspace       used 19914K, capacity 21228K, committed 21296K, reserved 1067008K
  class space    used 2621K, capacity 2879K, committed 2944K, reserved 1048576K
Event: 12.721 GC heap after
Heap after GC invocations=4 (full 0):
 PSYoungGen      total 76288K, used 8112K [0x000000076ab00000, 0x0000000774000000, 0x00000007c0000000)
  eden space 65536K, 0% used [0x000000076ab00000,0x000000076ab00000,0x000000076eb00000)
  from space 10752K, 75% used [0x000000076f580000,0x000000076fd6c068,0x0000000770000000)
  to   space 10752K, 0% used [0x000000076eb00000,0x000000076eb00000,0x000000076f580000)
 ParOldGen       total 175104K, used 16811K [0x00000006c0000000, 0x00000006cab00000, 0x000000076ab00000)
  object space 175104K, 9% used [0x00000006c0000000,0x00000006c106aee8,0x00000006cab00000)
 Metaspace       used 19914K, capacity 21228K, committed 21296K, reserved 1067008K
  class space    used 2621K, capacity 2879K, committed 2944K, reserved 1048576K
}
Event: 12.721 GC heap before
{Heap before GC invocations=5 (full 1):
 PSYoungGen      total 76288K, used 8112K [0x000000076ab00000, 0x0000000774000000, 0x00000007c0000000)
  eden space 65536K, 0% used [0x000000076ab00000,0x000000076ab00000,0x000000076eb00000)
  from space 10752K, 75% used [0x000000076f580000,0x000000076fd6c068,0x0000000770000000)
  to   space 10752K, 0% used [0x000000076eb00000,0x000000076eb00000,0x000000076f580000)
 ParOldGen       total 175104K, used 16811K [0x00000006c0000000, 0x00000006cab00000, 0x000000076ab00000)
  object space 175104K, 9% used [0x00000006c0000000,0x00000006c106aee8,0x00000006cab00000)
 Metaspace       used 19914K, capacity 21228K, committed 21296K, reserved 1067008K
  class space    used 2621K, capacity 2879K, committed 2944K, reserved 1048576K
Event: 12.760 GC heap after
Heap after GC invocations=5 (full 1):
 PSYoungGen      total 76288K, used 0K [0x000000076ab00000, 0x0000000774000000, 0x00000007c0000000)
  eden space 65536K, 0% used [0x000000076ab00000,0x000000076ab00000,0x000000076eb00000)
  from space 10752K, 0% used [0x000000076f580000,0x000000076f580000,0x0000000770000000)
  to   space 10752K, 0% used [0x000000076eb00000,0x000000076eb00000,0x000000076f580000)
 ParOldGen       total 111616K, used 19631K [0x00000006c0000000, 0x00000006c6d00000, 0x000000076ab00000)
  object space 111616K, 17% used [0x00000006c0000000,0x00000006c132bc88,0x00000006c6d00000)
 Metaspace       used 19914K, capacity 21228K, committed 21296K, reserved 1067008K
  class space    used 2621K, capacity 2879K, committed 2944K, reserved 1048576K
}
Event: 14.508 GC heap before
{Heap before GC invocations=6 (full 1):
 PSYoungGen      total 76288K, used 65536K [0x000000076ab00000, 0x0000000774000000, 0x00000007c0000000)
  eden space 65536K, 100% used [0x000000076ab00000,0x000000076eb00000,0x000000076eb00000)
  from space 10752K, 0% used [0x000000076f580000,0x000000076f580000,0x0000000770000000)
  to   space 10752K, 0% used [0x000000076eb00000,0x000000076eb00000,0x000000076f580000)
 ParOldGen       total 111616K, used 19631K [0x00000006c0000000, 0x00000006c6d00000, 0x000000076ab00000)
  object space 111616K, 17% used [0x00000006c0000000,0x00000006c132bc88,0x00000006c6d00000)
 Metaspace       used 19971K, capacity 21296K, committed 21376K, reserved 1067008K
  class space    used 2622K, capacity 2879K, committed 2944K, reserved 1048576K
Event: 14.510 GC heap after
Heap after GC invocations=6 (full 1):
 PSYoungGen      total 76288K, used 4151K [0x000000076ab00000, 0x0000000774880000, 0x00000007c0000000)
  eden space 65536K, 0% used [0x000000076ab00000,0x000000076ab00000,0x000000076eb00000)
  from space 10752K, 38% used [0x000000076eb00000,0x000000076ef0dd10,0x000000076f580000)
  to   space 23040K, 0% used [0x0000000773200000,0x0000000773200000,0x0000000774880000)
 ParOldGen       total 111616K, used 19639K [0x00000006c0000000, 0x00000006c6d00000, 0x000000076ab00000)
  object space 111616K, 17% used [0x00000006c0000000,0x00000006c132dc88,0x00000006c6d00000)
 Metaspace       used 19971K, capacity 21296K, committed 21376K, reserved 1067008K
  class space    used 2622K, capacity 2879K, committed 2944K, reserved 1048576K
}
Event: 16.969 GC heap before
{Heap before GC invocations=7 (full 1):
 PSYoungGen      total 76288K, used 69687K [0x000000076ab00000, 0x0000000774880000, 0x00000007c0000000)
  eden space 65536K, 100% used [0x000000076ab00000,0x000000076eb00000,0x000000076eb00000)
  from space 10752K, 38% used [0x000000076eb00000,0x000000076ef0dd10,0x000000076f580000)
  to   space 23040K, 0% used [0x0000000773200000,0x0000000773200000,0x0000000774880000)
 ParOldGen       total 111616K, used 19639K [0x00000006c0000000, 0x00000006c6d00000, 0x000000076ab00000)
  object space 111616K, 17% used [0x00000006c0000000,0x00000006c132dc88,0x00000006c6d00000)
 Metaspace       used 20043K, capacity 21360K, committed 21632K, reserved 1069056K
  class space    used 2622K, capacity 2879K, committed 2944K, reserved 1048576K
Event: 16.973 GC heap after
Heap after GC invocations=7 (full 1):
 PSYoungGen      total 130048K, used 4839K [0x000000076ab00000, 0x0000000774380000, 0x00000007c0000000)
  eden space 112128K, 0% used [0x000000076ab00000,0x000000076ab00000,0x0000000771880000)
  from space 17920K, 27% used [0x0000000773200000,0x00000007736b9d20,0x0000000774380000)
  to   space 22016K, 0% used [0x0000000771880000,0x0000000771880000,0x0000000772e00000)
 ParOldGen       total 111616K, used 19647K [0x00000006c0000000, 0x00000006c6d00000, 0x000000076ab00000)
  object space 111616K, 17% used [0x00000006c0000000,0x00000006c132fc88,0x00000006c6d00000)
 Metaspace       used 20043K, capacity 21360K, committed 21632K, reserved 1069056K
  class space    used 2622K, capacity 2879K, committed 2944K, reserved 1048576K
}
Event: 20.869 GC heap before
{Heap before GC invocations=8 (full 1):
 PSYoungGen      total 130048K, used 116967K [0x000000076ab00000, 0x0000000774380000, 0x00000007c0000000)
  eden space 112128K, 100% used [0x000000076ab00000,0x0000000771880000,0x0000000771880000)
  from space 17920K, 27% used [0x0000000773200000,0x00000007736b9d20,0x0000000774380000)
  to   space 22016K, 0% used [0x0000000771880000,0x0000000771880000,0x0000000772e00000)
 ParOldGen       total 111616K, used 19647K [0x00000006c0000000, 0x00000006c6d00000, 0x000000076ab00000)
  object space 111616K, 17% used [0x00000006c0000000,0x00000006c132fc88,0x00000006c6d00000)
 Metaspace       used 20169K, capacity 21488K, committed 21632K, reserved 1069056K
  class space    used 2622K, capacity 2879K, committed 2944K, reserved 1048576K
Event: 20.874 GC heap after
Heap after GC invocations=8 (full 1):
 PSYoungGen      total 114688K, used 5479K [0x000000076ab00000, 0x0000000773e80000, 0x00000007c0000000)
  eden space 109056K, 0% used [0x000000076ab00000,0x000000076ab00000,0x0000000771580000)
  from space 5632K, 97% used [0x0000000771880000,0x0000000771dd9d20,0x0000000771e00000)
  to   space 20992K, 0% used [0x0000000772a00000,0x0000000772a00000,0x0000000773e80000)
 ParOldGen       total 111616K, used 19655K [0x00000006c0000000, 0x00000006c6d00000, 0x000000076ab00000)
  object space 111616K, 17% used [0x00000006c0000000,0x00000006c1331c88,0x00000006c6d00000)
 Metaspace       used 20169K, capacity 21488K, committed 21632K, reserved 1069056K
  class space    used 2622K, capacity 2879K, committed 2944K, reserved 1048576K
}

Deoptimization events (10 events):
Event: 25.157 Thread 0x00007fe9968ab000 Uncommon trap: reason=unstable_if action=reinterpret pc=0x000000010657bcbc method=com.sun.javafx.sg.prism.NGNode.getOpaqueRegion()Lcom/sun/javafx/geom/RectBounds; @ 4
Event: 25.157 Thread 0x00007fe9968ab000 Uncommon trap: reason=unstable_if action=reinterpret pc=0x000000010657bcbc method=com.sun.javafx.sg.prism.NGNode.getOpaqueRegion()Lcom/sun/javafx/geom/RectBounds; @ 4
Event: 25.157 Thread 0x00007fe9968ab000 Uncommon trap: reason=unstable_if action=reinterpret pc=0x000000010657bcbc method=com.sun.javafx.sg.prism.NGNode.getOpaqueRegion()Lcom/sun/javafx/geom/RectBounds; @ 4
Event: 25.157 Thread 0x00007fe9968ab000 Uncommon trap: reason=unstable_if action=reinterpret pc=0x000000010657b840 method=com.sun.javafx.sg.prism.NGGroup.computeRenderRoot(Lcom/sun/javafx/sg/prism/NodePath;Lcom/sun/javafx/geom/RectBounds;ILcom/sun/javafx/geom/transform/BaseTransform;Lcom/sun/ja
Event: 25.159 Thread 0x00007fe9968ab000 Uncommon trap: reason=unstable_if action=reinterpret pc=0x00000001063e56dc method=com.sun.javafx.sg.prism.NGNode.doRender(Lcom/sun/prism/Graphics;)V @ 280
Event: 25.633 Thread 0x00007fe9968ab000 Uncommon trap: reason=unstable_if action=reinterpret pc=0x00000001063ff3f4 method=com.sun.scenario.effect.impl.prism.PrEffectHelper.getGraphicsClipNoClone(Lcom/sun/prism/Graphics;)Lcom/sun/javafx/geom/Rectangle; @ 8
Event: 50.961 Thread 0x00007fe9968e5000 Uncommon trap: reason=unstable_if action=reinterpret pc=0x0000000105d76dbc method=java.util.HashMap.removeNode(ILjava/lang/Object;Ljava/lang/Object;ZZ)Ljava/util/HashMap$Node; @ 133
Event: 50.961 Thread 0x00007fe9968e5000 Uncommon trap: reason=unstable_if action=reinterpret pc=0x0000000105b43684 method=java.security.AccessControlContext.combine([Ljava/security/ProtectionDomain;[Ljava/security/ProtectionDomain;)[Ljava/security/ProtectionDomain; @ 45
Event: 50.961 Thread 0x00007fe9968e5000 Uncommon trap: reason=unstable_if action=reinterpret pc=0x00000001064e58d8 method=java.security.AccessControlContext.optimize()Ljava/security/AccessControlContext; @ 27
Event: 51.073 Thread 0x00007fe9968e5000 Uncommon trap: reason=unstable_if action=reinterpret pc=0x00000001061312f0 method=sun.nio.cs.UTF_8$Decoder.decodeArrayLoop(Ljava/nio/ByteBuffer;Ljava/nio/CharBuffer;)Ljava/nio/charset/CoderResult; @ 121

Internal exceptions (10 events):
Event: 0.405 Thread 0x00007fe9968e5000 Exception <a 'java/lang/NullPointerException'> (0x000000076b84fee0) thrown at [/Users/java_re/workspace/8-2-build-macosx-x86_64/jdk8u92/6642/hotspot/src/share/vm/interpreter/linkResolver.cpp, line 1178]
Event: 0.405 Thread 0x00007fe9968e5000 Exception <a 'java/lang/NullPointerException'> (0x000000076b84fee0) thrown at [/Users/java_re/workspace/8-2-build-macosx-x86_64/jdk8u92/6642/hotspot/src/share/vm/prims/jvm.cpp, line 1390]
Event: 0.933 Thread 0x00007fe9968e5000 Exception <a 'sun/nio/fs/UnixException'> (0x000000076c90e9f8) thrown at [/Users/java_re/workspace/8-2-build-macosx-x86_64/jdk8u92/6642/hotspot/src/share/vm/prims/jni.cpp, line 709]
Event: 0.935 Thread 0x00007fe9968e5000 Exception <a 'sun/nio/fs/UnixException'> (0x000000076c910970) thrown at [/Users/java_re/workspace/8-2-build-macosx-x86_64/jdk8u92/6642/hotspot/src/share/vm/prims/jni.cpp, line 709]
Event: 0.946 Thread 0x00007fe9968e5000 Implicit null exception at 0x0000000105d02575 to 0x0000000105d028e1
Event: 0.960 Thread 0x00007fe9933ce000 Implicit null exception at 0x0000000105c11ef5 to 0x0000000105c12255
Event: 12.555 Thread 0x00007fe9968ab000 Implicit null exception at 0x0000000106283855 to 0x0000000106283895
Event: 12.555 Thread 0x00007fe9968ab000 Implicit null exception at 0x000000010627eeac to 0x000000010627eef5
Event: 16.988 Thread 0x00007fe9968ab000 Implicit null exception at 0x00000001064af116 to 0x00000001064af235
Event: 50.961 Thread 0x00007fe9968e5000 Implicit null exception at 0x0000000105b4335f to 0x0000000105b43669

Events (10 events):
Event: 51.079 Thread 0x00007fe996024800 flushing nmethod 0x00000001061aba50
Event: 51.079 Thread 0x00007fe996024800 flushing nmethod 0x00000001061c0f90
Event: 51.079 Thread 0x00007fe996024800 flushing nmethod 0x00000001061c1dd0
Event: 51.079 Thread 0x00007fe996024800 flushing nmethod 0x0000000106201a50
Event: 51.079 Thread 0x00007fe996024800 flushing nmethod 0x0000000106202350
Event: 51.079 Thread 0x00007fe996024800 flushing nmethod 0x00000001062057d0
Event: 51.079 Thread 0x00007fe996024800 flushing nmethod 0x0000000106209750
Event: 51.079 Thread 0x00007fe996024800 flushing nmethod 0x0000000106226010
Event: 51.080 Thread 0x00007fe996024800 flushing nmethod 0x000000010626fa50
Event: 51.080 Thread 0x00007fe996024800 flushing nmethod 0x00000001063197d0


Dynamic libraries:
0x00000000015a2000 	/System/Library/Frameworks/Cocoa.framework/Versions/A/Cocoa
0x00000000015a2000 	/System/Library/Frameworks/Security.framework/Versions/A/Security
0x00000000015a2000 	/System/Library/Frameworks/ApplicationServices.framework/Versions/A/ApplicationServices
0x00000000015a2000 	/usr/lib/libz.1.dylib
0x00000000015a2000 	/usr/lib/libSystem.B.dylib
0x00000000015a2000 	/usr/lib/libobjc.A.dylib
0x00000000015a2000 	/System/Library/Frameworks/CoreFoundation.framework/Versions/A/CoreFoundation
0x00000000015a2000 	/System/Library/Frameworks/Foundation.framework/Versions/C/Foundation
0x00000000015a2000 	/System/Library/Frameworks/AppKit.framework/Versions/C/AppKit
0x00000000015a2000 	/System/Library/Frameworks/CoreData.framework/Versions/A/CoreData
0x00000000015a2000 	/System/Library/PrivateFrameworks/RemoteViewServices.framework/Versions/A/RemoteViewServices
0x00000000015a2000 	/System/Library/PrivateFrameworks/UIFoundation.framework/Versions/A/UIFoundation
0x00000000015a2000 	/usr/lib/libScreenReader.dylib
0x00000000015a2000 	/System/Library/Frameworks/Accelerate.framework/Versions/A/Accelerate
0x00000000015a2000 	/System/Library/Frameworks/IOSurface.framework/Versions/A/IOSurface
0x00000000015a2000 	/System/Library/Frameworks/AudioToolbox.framework/Versions/A/AudioToolbox
0x00000000015a2000 	/System/Library/Frameworks/AudioUnit.framework/Versions/A/AudioUnit
0x00000000015a2000 	/System/Library/PrivateFrameworks/DataDetectorsCore.framework/Versions/A/DataDetectorsCore
0x00000000015a2000 	/System/Library/PrivateFrameworks/DesktopServicesPriv.framework/Versions/A/DesktopServicesPriv
0x00000000015a2000 	/System/Library/Frameworks/Carbon.framework/Versions/A/Frameworks/HIToolbox.framework/Versions/A/HIToolbox
0x00000000015a2000 	/System/Library/Frameworks/QuartzCore.framework/Versions/A/QuartzCore
0x00000000015a2000 	/System/Library/Frameworks/Carbon.framework/Versions/A/Frameworks/SpeechRecognition.framework/Versions/A/SpeechRecognition
0x00000000015a2000 	/usr/lib/libauto.dylib
0x00000000015a2000 	/usr/lib/libicucore.A.dylib
0x00000000015a2000 	/usr/lib/libxml2.2.dylib
0x00000000015a2000 	/System/Library/PrivateFrameworks/CoreUI.framework/Versions/A/CoreUI
0x00000000015a2000 	/System/Library/Frameworks/CoreAudio.framework/Versions/A/CoreAudio
0x00000000015a2000 	/System/Library/Frameworks/DiskArbitration.framework/Versions/A/DiskArbitration
0x00000000015a2000 	/usr/lib/liblangid.dylib
0x00000000015a2000 	/System/Library/PrivateFrameworks/MultitouchSupport.framework/Versions/A/MultitouchSupport
0x00000000015a2000 	/System/Library/Frameworks/IOKit.framework/Versions/A/IOKit
0x00000000015a2000 	/usr/lib/libDiagnosticMessagesClient.dylib
0x00000000015a2000 	/System/Library/Frameworks/CoreServices.framework/Versions/A/CoreServices
0x00000000015a2000 	/System/Library/PrivateFrameworks/PerformanceAnalysis.framework/Versions/A/PerformanceAnalysis
0x00000000015a2000 	/System/Library/PrivateFrameworks/GenerationalStorage.framework/Versions/A/GenerationalStorage
0x00000000015a2000 	/System/Library/Frameworks/OpenGL.framework/Versions/A/OpenGL
0x00000000015a2000 	/System/Library/PrivateFrameworks/Sharing.framework/Versions/A/Sharing
0x00000000015a2000 	/System/Library/Frameworks/CoreGraphics.framework/Versions/A/CoreGraphics
0x00000000015a2000 	/System/Library/Frameworks/CoreImage.framework/Versions/A/CoreImage
0x00000000015a2000 	/System/Library/Frameworks/CoreText.framework/Versions/A/CoreText
0x00000000015a2000 	/System/Library/Frameworks/ImageIO.framework/Versions/A/ImageIO
0x00000000015a2000 	/System/Library/PrivateFrameworks/Backup.framework/Versions/A/Backup
0x00000000015a2000 	/usr/lib/libextension.dylib
0x00000000015a2000 	/usr/lib/libarchive.2.dylib
0x00000000015a2000 	/System/Library/Frameworks/CFNetwork.framework/Versions/A/CFNetwork
0x00000000015a2000 	/System/Library/Frameworks/SystemConfiguration.framework/Versions/A/SystemConfiguration
0x00000000015a2000 	/usr/lib/libCRFSuite.dylib
0x00000000015a2000 	/usr/lib/libc++.1.dylib
0x00000000015a2000 	/usr/lib/libc++abi.dylib
0x00000000015a2000 	/usr/lib/system/libcache.dylib
0x00000000015a2000 	/usr/lib/system/libcommonCrypto.dylib
0x00000000015a2000 	/usr/lib/system/libcompiler_rt.dylib
0x00000000015a2000 	/usr/lib/system/libcopyfile.dylib
0x00000000015a2000 	/usr/lib/system/libcorecrypto.dylib
0x00000000015a2000 	/usr/lib/system/libdispatch.dylib
0x00000000015a2000 	/usr/lib/system/libdyld.dylib
0x00000000015a2000 	/usr/lib/system/libkeymgr.dylib
0x00000000015a2000 	/usr/lib/system/liblaunch.dylib
0x00000000015a2000 	/usr/lib/system/libmacho.dylib
0x00000000015a2000 	/usr/lib/system/libquarantine.dylib
0x00000000015a2000 	/usr/lib/system/libremovefile.dylib
0x00000000015a2000 	/usr/lib/system/libsystem_asl.dylib
0x00000000015a2000 	/usr/lib/system/libsystem_blocks.dylib
0x00000000015a2000 	/usr/lib/system/libsystem_c.dylib
0x00000000015a2000 	/usr/lib/system/libsystem_configuration.dylib
0x00000000015a2000 	/usr/lib/system/libsystem_coreservices.dylib
0x00000000015a2000 	/usr/lib/system/libsystem_coretls.dylib
0x00000000015a2000 	/usr/lib/system/libsystem_dnssd.dylib
0x00000000015a2000 	/usr/lib/system/libsystem_info.dylib
0x00000000015a2000 	/usr/lib/system/libsystem_kernel.dylib
0x00000000015a2000 	/usr/lib/system/libsystem_m.dylib
0x00000000015a2000 	/usr/lib/system/libsystem_malloc.dylib
0x00000000015a2000 	/usr/lib/system/libsystem_network.dylib
0x00000000015a2000 	/usr/lib/system/libsystem_networkextension.dylib
0x00000000015a2000 	/usr/lib/system/libsystem_notify.dylib
0x00000000015a2000 	/usr/lib/system/libsystem_platform.dylib
0x00000000015a2000 	/usr/lib/system/libsystem_pthread.dylib
0x00000000015a2000 	/usr/lib/system/libsystem_sandbox.dylib
0x00000000015a2000 	/usr/lib/system/libsystem_secinit.dylib
0x00000000015a2000 	/usr/lib/system/libsystem_trace.dylib
0x00000000015a2000 	/usr/lib/system/libunc.dylib
0x00000000015a2000 	/usr/lib/system/libunwind.dylib
0x00000000015a2000 	/usr/lib/system/libxpc.dylib
0x00000000015a2000 	/usr/lib/libenergytrace.dylib
0x00000000015a2000 	/usr/lib/libbsm.0.dylib
0x00000000015a2000 	/usr/lib/system/libkxld.dylib
0x00000000015a2000 	/usr/lib/libxar.1.dylib
0x00000000015a2000 	/usr/lib/libsqlite3.dylib
0x00000000015a2000 	/usr/lib/libpam.2.dylib
0x00000000015a2000 	/usr/lib/libOpenScriptingUtil.dylib
0x00000000015a2000 	/usr/lib/libbz2.1.0.dylib
0x00000000015a2000 	/usr/lib/liblzma.5.dylib
0x00000000015a2000 	/System/Library/Frameworks/CoreServices.framework/Versions/A/Frameworks/FSEvents.framework/Versions/A/FSEvents
0x00000000015a2000 	/System/Library/Frameworks/CoreServices.framework/Versions/A/Frameworks/CarbonCore.framework/Versions/A/CarbonCore
0x00000000015a2000 	/System/Library/Frameworks/CoreServices.framework/Versions/A/Frameworks/Metadata.framework/Versions/A/Metadata
0x00000000015a2000 	/System/Library/Frameworks/CoreServices.framework/Versions/A/Frameworks/OSServices.framework/Versions/A/OSServices
0x00000000015a2000 	/System/Library/Frameworks/CoreServices.framework/Versions/A/Frameworks/SearchKit.framework/Versions/A/SearchKit
0x00000000015a2000 	/System/Library/Frameworks/CoreServices.framework/Versions/A/Frameworks/AE.framework/Versions/A/AE
0x00000000015a2000 	/System/Library/Frameworks/CoreServices.framework/Versions/A/Frameworks/LaunchServices.framework/Versions/A/LaunchServices
0x00000000015a2000 	/System/Library/Frameworks/CoreServices.framework/Versions/A/Frameworks/DictionaryServices.framework/Versions/A/DictionaryServices
0x00000000015a2000 	/System/Library/Frameworks/CoreServices.framework/Versions/A/Frameworks/SharedFileList.framework/Versions/A/SharedFileList
0x00000000015a2000 	/System/Library/Frameworks/NetFS.framework/Versions/A/NetFS
0x00000000015a2000 	/System/Library/PrivateFrameworks/NetAuth.framework/Versions/A/NetAuth
0x00000000015a2000 	/System/Library/PrivateFrameworks/login.framework/Versions/A/Frameworks/loginsupport.framework/Versions/A/loginsupport
0x00000000015a2000 	/System/Library/PrivateFrameworks/TCC.framework/Versions/A/TCC
0x00000000015a2000 	/usr/lib/libmecabra.dylib
0x00000000015a2000 	/System/Library/Frameworks/ApplicationServices.framework/Versions/A/Frameworks/ATS.framework/Versions/A/ATS
0x00000000015a2000 	/System/Library/Frameworks/ApplicationServices.framework/Versions/A/Frameworks/ColorSync.framework/Versions/A/ColorSync
0x00000000015a2000 	/System/Library/Frameworks/ApplicationServices.framework/Versions/A/Frameworks/HIServices.framework/Versions/A/HIServices
0x00000000015a2000 	/System/Library/Frameworks/ApplicationServices.framework/Versions/A/Frameworks/LangAnalysis.framework/Versions/A/LangAnalysis
0x00000000015a2000 	/System/Library/Frameworks/ApplicationServices.framework/Versions/A/Frameworks/PrintCore.framework/Versions/A/PrintCore
0x00000000015a2000 	/System/Library/Frameworks/ApplicationServices.framework/Versions/A/Frameworks/QD.framework/Versions/A/QD
0x00000000015a2000 	/System/Library/Frameworks/ApplicationServices.framework/Versions/A/Frameworks/SpeechSynthesis.framework/Versions/A/SpeechSynthesis
0x00000000015a2000 	/System/Library/Frameworks/Metal.framework/Versions/A/Metal
0x00000000015a2000 	/System/Library/Frameworks/Accelerate.framework/Versions/A/Frameworks/vImage.framework/Versions/A/vImage
0x00000000015a2000 	/System/Library/Frameworks/Accelerate.framework/Versions/A/Frameworks/vecLib.framework/Versions/A/vecLib
0x00000000015a2000 	/System/Library/Frameworks/Accelerate.framework/Versions/A/Frameworks/vecLib.framework/Versions/A/libvDSP.dylib
0x00000000015a2000 	/System/Library/Frameworks/Accelerate.framework/Versions/A/Frameworks/vecLib.framework/Versions/A/libvMisc.dylib
0x00000000015a2000 	/System/Library/Frameworks/Accelerate.framework/Versions/A/Frameworks/vecLib.framework/Versions/A/libLAPACK.dylib
0x00000000015a2000 	/System/Library/Frameworks/Accelerate.framework/Versions/A/Frameworks/vecLib.framework/Versions/A/libBLAS.dylib
0x00000000015a2000 	/System/Library/Frameworks/Accelerate.framework/Versions/A/Frameworks/vecLib.framework/Versions/A/libLinearAlgebra.dylib
0x00000000015a2000 	/System/Library/Frameworks/Accelerate.framework/Versions/A/Frameworks/vecLib.framework/Versions/A/libSparseBLAS.dylib
0x00000000015a2000 	/System/Library/PrivateFrameworks/GPUCompiler.framework/libmetal_timestamp.dylib
0x00000000015a2000 	/System/Library/Frameworks/OpenGL.framework/Versions/A/Libraries/libCoreFSCache.dylib
0x00000000015a2000 	/System/Library/PrivateFrameworks/IOAccelerator.framework/Versions/A/IOAccelerator
0x00000000015a2000 	/System/Library/Frameworks/ApplicationServices.framework/Versions/A/Frameworks/ATS.framework/Versions/A/Resources/libFontParser.dylib
0x00000000015a2000 	/System/Library/Frameworks/ApplicationServices.framework/Versions/A/Frameworks/ATS.framework/Versions/A/Resources/libFontRegistry.dylib
0x00000000015a2000 	/System/Library/PrivateFrameworks/AppleVPA.framework/Versions/A/AppleVPA
0x00000000015a2000 	/System/Library/PrivateFrameworks/AppleJPEG.framework/Versions/A/AppleJPEG
0x00000000015a2000 	/System/Library/Frameworks/ImageIO.framework/Versions/A/Resources/libJPEG.dylib
0x00000000015a2000 	/System/Library/Frameworks/ImageIO.framework/Versions/A/Resources/libTIFF.dylib
0x00000000015a2000 	/System/Library/Frameworks/ImageIO.framework/Versions/A/Resources/libPng.dylib
0x00000000015a2000 	/System/Library/Frameworks/ImageIO.framework/Versions/A/Resources/libGIF.dylib
0x00000000015a2000 	/System/Library/Frameworks/ImageIO.framework/Versions/A/Resources/libJP2.dylib
0x00000000015a2000 	/System/Library/Frameworks/ImageIO.framework/Versions/A/Resources/libRadiance.dylib
0x00000000015a2000 	/System/Library/Frameworks/CoreVideo.framework/Versions/A/CoreVideo
0x00000000015a2000 	/System/Library/Frameworks/OpenGL.framework/Versions/A/Libraries/libGLU.dylib
0x00000000015a2000 	/System/Library/Frameworks/OpenGL.framework/Versions/A/Libraries/libGFXShared.dylib
0x00000000015a2000 	/System/Library/Frameworks/OpenGL.framework/Versions/A/Libraries/libGL.dylib
0x00000000015a2000 	/System/Library/Frameworks/OpenGL.framework/Versions/A/Libraries/libGLImage.dylib
0x00000000015a2000 	/System/Library/Frameworks/OpenGL.framework/Versions/A/Libraries/libCVMSPluginSupport.dylib
0x00000000015a2000 	/System/Library/Frameworks/OpenGL.framework/Versions/A/Libraries/libCoreVMClient.dylib
0x00000000015a2000 	/usr/lib/libcompression.dylib
0x00000000015a2000 	/usr/lib/libcups.2.dylib
0x00000000015a2000 	/System/Library/Frameworks/Kerberos.framework/Versions/A/Kerberos
0x00000000015a2000 	/System/Library/Frameworks/GSS.framework/Versions/A/GSS
0x00000000015a2000 	/usr/lib/libresolv.9.dylib
0x00000000015a2000 	/usr/lib/libiconv.2.dylib
0x00000000015a2000 	/System/Library/PrivateFrameworks/Heimdal.framework/Versions/A/Heimdal
0x00000000015a2000 	/usr/lib/libheimdal-asn1.dylib
0x00000000015a2000 	/System/Library/Frameworks/OpenDirectory.framework/Versions/A/OpenDirectory
0x00000000015a2000 	/System/Library/PrivateFrameworks/CommonAuth.framework/Versions/A/CommonAuth
0x00000000015a2000 	/System/Library/Frameworks/OpenDirectory.framework/Versions/A/Frameworks/CFOpenDirectory.framework/Versions/A/CFOpenDirectory
0x00000000015a2000 	/System/Library/Frameworks/SecurityFoundation.framework/Versions/A/SecurityFoundation
0x00000000015a2000 	/System/Library/PrivateFrameworks/LanguageModeling.framework/Versions/A/LanguageModeling
0x00000000015a2000 	/usr/lib/libmarisa.dylib
0x00000000015a2000 	/usr/lib/libChineseTokenizer.dylib
0x00000000015a2000 	/usr/lib/libcmph.dylib
0x00000000015a2000 	/System/Library/Frameworks/ServiceManagement.framework/Versions/A/ServiceManagement
0x00000000015a2000 	/usr/lib/libxslt.1.dylib
0x00000000015a2000 	/System/Library/Frameworks/Carbon.framework/Versions/A/Frameworks/Ink.framework/Versions/A/Ink
0x00000000015a2000 	/usr/lib/libFosl_dynamic.dylib
0x00000000015a2000 	/System/Library/PrivateFrameworks/FaceCore.framework/Versions/A/FaceCore
0x00000000015a2000 	/System/Library/Frameworks/OpenCL.framework/Versions/A/OpenCL
0x00000000015a2000 	/System/Library/PrivateFrameworks/CrashReporterSupport.framework/Versions/A/CrashReporterSupport
0x00000000015a2000 	/System/Library/PrivateFrameworks/IconServices.framework/Versions/A/IconServices
0x00000000015a2000 	/System/Library/PrivateFrameworks/Apple80211.framework/Versions/A/Apple80211
0x00000000015a2000 	/System/Library/Frameworks/CoreWLAN.framework/Versions/A/CoreWLAN
0x00000000015a2000 	/System/Library/Frameworks/IOBluetooth.framework/Versions/A/IOBluetooth
0x00000000015a2000 	/System/Library/PrivateFrameworks/CoreWiFi.framework/Versions/A/CoreWiFi
0x00000000015a2000 	/System/Library/Frameworks/CoreBluetooth.framework/Versions/A/CoreBluetooth
0x00000000015a2000 	/System/Library/PrivateFrameworks/ChunkingLibrary.framework/Versions/A/ChunkingLibrary
0x00000000015a2000 	/System/Library/PrivateFrameworks/DebugSymbols.framework/Versions/A/DebugSymbols
0x00000000015a2000 	/System/Library/PrivateFrameworks/CoreSymbolication.framework/Versions/A/CoreSymbolication
0x00000000015a2000 	/System/Library/PrivateFrameworks/Symbolication.framework/Versions/A/Symbolication
0x00000000015a2000 	/System/Library/PrivateFrameworks/SpeechRecognitionCore.framework/Versions/A/SpeechRecognitionCore
0x0000000103898000 	/Library/Java/JavaVirtualMachines/jdk1.8.0_92.jdk/Contents/Home/jre/lib/server/libjvm.dylib
0x00000000015a2000 	/usr/lib/libstdc++.6.dylib
0x0000000104833000 	/Library/Java/JavaVirtualMachines/jdk1.8.0_92.jdk/Contents/Home/jre/lib/libverify.dylib
0x0000000104841000 	/Library/Java/JavaVirtualMachines/jdk1.8.0_92.jdk/Contents/Home/jre/lib/libjava.dylib
0x0000000104880000 	/Library/Java/JavaVirtualMachines/jdk1.8.0_92.jdk/Contents/Home/jre/lib/libzip.dylib
0x000000012094c000 	/System/Library/Frameworks/JavaVM.framework/Frameworks/JavaRuntimeSupport.framework/JavaRuntimeSupport
0x0000000120967000 	/System/Library/Frameworks/JavaVM.framework/Versions/A/Frameworks/JavaNativeFoundation.framework/Versions/A/JavaNativeFoundation
0x00000001049f3000 	/System/Library/Frameworks/JavaVM.framework/Versions/A/JavaVM
0x00000000015a2000 	/System/Library/Frameworks/Carbon.framework/Versions/A/Carbon
0x000000012097c000 	/System/Library/PrivateFrameworks/JavaLaunching.framework/Versions/A/JavaLaunching
0x00000000015a2000 	/System/Library/Frameworks/Carbon.framework/Versions/A/Frameworks/CommonPanels.framework/Versions/A/CommonPanels
0x00000000015a2000 	/System/Library/Frameworks/Carbon.framework/Versions/A/Frameworks/Help.framework/Versions/A/Help
0x00000000015a2000 	/System/Library/Frameworks/Carbon.framework/Versions/A/Frameworks/ImageCapture.framework/Versions/A/ImageCapture
0x00000000015a2000 	/System/Library/Frameworks/Carbon.framework/Versions/A/Frameworks/OpenScripting.framework/Versions/A/OpenScripting
0x00000000015a2000 	/System/Library/Frameworks/Carbon.framework/Versions/A/Frameworks/Print.framework/Versions/A/Print
0x00000000015a2000 	/System/Library/Frameworks/Carbon.framework/Versions/A/Frameworks/SecurityHI.framework/Versions/A/SecurityHI
0x000000012236a000 	/Library/Java/JavaVirtualMachines/jdk1.8.0_92.jdk/Contents/Home/jre/lib/libprism_es2.dylib
0x00000000015a2000 	/System/Library/Frameworks/OpenGL.framework/Versions/A/Resources/GLEngine.bundle/GLEngine
0x00000000015a2000 	/System/Library/Frameworks/OpenGL.framework/Versions/A/Libraries/libGLProgrammability.dylib
0x00000001223ec000 	/System/Library/Extensions/AppleIntelHD4000GraphicsGLDriver.bundle/Contents/MacOS/AppleIntelHD4000GraphicsGLDriver
0x00000000015a2000 	/System/Library/PrivateFrameworks/GPUSupport.framework/Versions/A/Libraries/libGPUSupportMercury.dylib
0x00000000015a2000 	/System/Library/Extensions/GeForceGLDriver.bundle/Contents/MacOS/GeForceGLDriver
0x00000000015a2000 	/System/Library/Extensions/GeForceGLDriver.bundle/Contents/MacOS/libclh.dylib
0x00000000015a2000 	/System/Library/Frameworks/OpenGL.framework/Versions/A/Resources/GLRendererFloat.bundle/GLRendererFloat
0x00000000015a2000 	/System/Library/Frameworks/OpenCL.framework/Versions/A/Libraries/libcldcpuengine.dylib
0x00000000015a2000 	/System/Library/PrivateFrameworks/DiskImages.framework/Versions/A/DiskImages
0x00000000015a2000 	/System/Library/Frameworks/DiscRecording.framework/Versions/A/DiscRecording
0x00000000015a2000 	/usr/lib/libcsfde.dylib
0x00000000015a2000 	/usr/lib/libcurl.4.dylib
0x00000000015a2000 	/System/Library/PrivateFrameworks/MediaKit.framework/Versions/A/MediaKit
0x00000000015a2000 	/System/Library/PrivateFrameworks/ProtectedCloudStorage.framework/Versions/A/ProtectedCloudStorage
0x00000000015a2000 	/usr/lib/libCoreStorage.dylib
0x00000000015a2000 	/System/Library/PrivateFrameworks/EFILogin.framework/Versions/A/EFILogin
0x00000000015a2000 	/usr/lib/libutil.dylib
0x00000000015a2000 	/System/Library/PrivateFrameworks/FindMyDevice.framework/Versions/A/FindMyDevice
0x00000000015a2000 	/System/Library/Frameworks/LDAP.framework/Versions/A/LDAP
0x00000000015a2000 	/usr/lib/libsasl2.2.dylib
0x00000000015a2000 	/System/Library/PrivateFrameworks/CoreDaemon.framework/Versions/B/CoreDaemon
0x00000000015a2000 	/usr/lib/libcrypto.0.9.8.dylib
0x00000000015a2000 	/System/Library/PrivateFrameworks/AppleSRP.framework/Versions/A/AppleSRP
0x00000000015a2000 	/System/Library/PrivateFrameworks/TrustEvaluationAgent.framework/Versions/A/TrustEvaluationAgent
0x0000000122d21000 	/Library/Java/JavaVirtualMachines/jdk1.8.0_92.jdk/Contents/Home/jre/lib/libglass.dylib
0x00000000015a2000 	/System/Library/PrivateFrameworks/CoreServicesInternal.framework/Versions/A/CoreServicesInternal
0x00000000015a2000 	/System/Library/CoreServices/RawCamera.bundle/Contents/MacOS/RawCamera
0x00000000015a2000 	/System/Library/Frameworks/CoreGraphics.framework/Versions/A/Resources/libRIP.A.dylib
0x00000000015a2000 	/System/Library/Frameworks/Accelerate.framework/Versions/A/Frameworks/vImage.framework/Versions/A/Libraries/libCGInterfaces.dylib
0x00000000015a2000 	/System/Library/PrivateFrameworks/FamilyControls.framework/Versions/A/FamilyControls
0x00000000015a2000 	/System/Library/PrivateFrameworks/CommerceKit.framework/Versions/A/Frameworks/CommerceCore.framework/Versions/A/CommerceCore
0x00000000015a2000 	/System/Library/PrivateFrameworks/SystemAdministration.framework/Versions/A/SystemAdministration
0x00000000015a2000 	/System/Library/PrivateFrameworks/AppContainer.framework/Versions/A/AppContainer
0x00000000015a2000 	/System/Library/PrivateFrameworks/SecCodeWrapper.framework/Versions/A/SecCodeWrapper
0x00000000015a2000 	/System/Library/Frameworks/DirectoryService.framework/Versions/A/DirectoryService
0x00000000015a2000 	/System/Library/PrivateFrameworks/LoginUIKit.framework/Versions/A/Frameworks/LoginUICore.framework/Versions/A/LoginUICore
0x00000000015a2000 	/usr/lib/libodfde.dylib
0x0000000126882000 	/Library/Java/JavaVirtualMachines/jdk1.8.0_92.jdk/Contents/Home/jre/lib/libosx.dylib
0x0000000126890000 	/Library/Java/JavaVirtualMachines/jdk1.8.0_92.jdk/Contents/Home/jre/lib/./libosxapp.dylib
0x00000000015a2000 	/System/Library/Frameworks/ExceptionHandling.framework/Versions/A/ExceptionHandling
0x00000001268d2000 	/Library/Java/JavaVirtualMachines/jdk1.8.0_92.jdk/Contents/Home/jre/lib/libjavafx_font.dylib
0x00000000015a2000 	/System/Library/Frameworks/CoreGraphics.framework/Versions/A/Resources/libCGXType.A.dylib
0x000000012a65a000 	/Library/Java/JavaVirtualMachines/jdk1.8.0_92.jdk/Contents/Home/jre/lib/libjfxwebkit.dylib
0x000000012cd10000 	/Library/Java/JavaVirtualMachines/jdk1.8.0_92.jdk/Contents/Home/jre/lib/libnet.dylib
0x000000012a5b8000 	cl_kernels
0x00000000015a2000 	/System/Library/Frameworks/OpenCL.framework/Versions/A/Libraries/ImageFormats/unorm8_bgra.dylib
0x00000000015a2000 	/System/Library/Frameworks/OpenCL.framework/Versions/A/Libraries/ImageFormats/unorm8_rgba.dylib
0x0000000132655000 	/Library/Java/JavaVirtualMachines/jdk1.8.0_92.jdk/Contents/Home/jre/lib/libnio.dylib
0x000000013380e000 	/System/Library/Extensions/GeForceMTLDriver.bundle/Contents/MacOS/GeForceMTLDriver
0x000000013395b000 	/System/Library/Extensions/AppleIntelHD4000GraphicsMTLDriver.bundle/Contents/MacOS/AppleIntelHD4000GraphicsMTLDriver
0x0000000128424000 	/Library/Java/JavaVirtualMachines/jdk1.8.0_92.jdk/Contents/Home/jre/lib/libprism_common.dylib
0x0000000139dcd000 	/Library/Java/JavaVirtualMachines/jdk1.8.0_92.jdk/Contents/Home/jre/lib/libjavafx_iio.dylib
0x000000013bd50000 	/Library/Java/JavaVirtualMachines/jdk1.8.0_92.jdk/Contents/Home/jre/lib/libglib-lite.dylib
0x000000013be72000 	/Library/Java/JavaVirtualMachines/jdk1.8.0_92.jdk/Contents/Home/jre/lib/libgstreamer-lite.dylib
0x000000013bfeb000 	/Library/Java/JavaVirtualMachines/jdk1.8.0_92.jdk/Contents/Home/jre/lib/libjfxmedia.dylib
0x000000013c026000 	/Library/Java/JavaVirtualMachines/jdk1.8.0_92.jdk/Contents/Home/jre/lib/libjfxmedia_avf.dylib
0x00000000015a2000 	/System/Library/Frameworks/AVFoundation.framework/Versions/A/AVFoundation
0x00000000015a2000 	/System/Library/Frameworks/CoreMedia.framework/Versions/A/CoreMedia
0x00000000015a2000 	/System/Library/Frameworks/MediaToolbox.framework/Versions/A/MediaToolbox
0x00000000015a2000 	/System/Library/Frameworks/AVFoundation.framework/Versions/A/Resources/libAVFAudio.dylib
0x00000000015a2000 	/System/Library/Frameworks/VideoToolbox.framework/Versions/A/VideoToolbox
0x00000000015a2000 	/System/Library/Frameworks/CoreMediaIO.framework/Versions/A/CoreMediaIO
0x00000000015a2000 	/usr/lib/libspindump.dylib
0x00000000015a2000 	/System/Library/PrivateFrameworks/CoreAVCHD.framework/Versions/A/CoreAVCHD
0x00000000015a2000 	/System/Library/Frameworks/MediaAccessibility.framework/Versions/A/MediaAccessibility
0x00000000015a2000 	/System/Library/PrivateFrameworks/Mangrove.framework/Versions/A/Mangrove
0x00000000015a2000 	/System/Library/PrivateFrameworks/CoreAUC.framework/Versions/A/CoreAUC
0x00000000015a2000 	/System/Library/PrivateFrameworks/AppleVA.framework/Versions/A/AppleVA
0x00000000015a2000 	/System/Library/PrivateFrameworks/XPCService.framework/Versions/A/XPCService
0x00000000015a2000 	/System/Library/PrivateFrameworks/AppSandbox.framework/Versions/A/AppSandbox
0x00000000015a2000 	/usr/lib/libsandbox.1.dylib
0x00000000015a2000 	/usr/lib/libMatch.1.dylib
0x000000013c05b000 	/Library/Java/JavaVirtualMachines/jdk1.8.0_92.jdk/Contents/Home/jre/lib/libjfxmedia_qtkit.dylib
0x00000000015a2000 	/System/Library/Frameworks/QTKit.framework/Versions/A/QTKit
0x00000000015a2000 	/System/Library/PrivateFrameworks/CoreMediaAuthoring.framework/Versions/A/CoreMediaAuthoring
0x000000013c068000 	/Library/Java/JavaVirtualMachines/jdk1.8.0_92.jdk/Contents/Home/jre/lib/libfxplugins.dylib
0x000000013bd37000 	/System/Library/Frameworks/VideoDecodeAcceleration.framework/Versions/A/VideoDecodeAcceleration
0x000000013c0e6000 	/System/Library/Extensions/AppleHDA.kext/Contents/PlugIns/AppleHDAHALPlugIn.bundle/Contents/MacOS/AppleHDAHALPlugIn
0x000000013c170000 	/System/Library/Components/CoreAudio.component/Contents/MacOS/CoreAudio
0x000000013c4b8000 	/System/Library/Components/AudioCodecs.component/Contents/MacOS/AudioCodecs

VM Arguments:
jvm_args: -Xverify:none -Dbrowser.rootdir=/Users/antonepple/Desktop/javaone2016/starwars/client/src/main/webapp/ -Dnetbeans.inspect.port=53863 -Ddebug=false 
java_command: com.dukescript.starwars.Main
java_class_path (initial): /Users/antonepple/Desktop/javaone2016/starwars/client/target/test-classes:/Users/antonepple/Desktop/javaone2016/starwars/client/target/classes:/Users/antonepple/.m2/repository/org/netbeans/html/net.java.html/1.3/net.java.html-1.3.jar:/Users/antonepple/.m2/repository/org/netbeans/html/net.java.html.json/1.3/net.java.html.json-1.3.jar:/Users/antonepple/.m2/repository/org/netbeans/html/net.java.html.boot/1.3/net.java.html.boot-1.3.jar:/Users/antonepple/.m2/repository/org/netbeans/html/net.java.html.sound/1.3/net.java.html.sound-1.3.jar:/Users/antonepple/.m2/repository/org/netbeans/html/ko4j/1.3/ko4j-1.3.jar:/Users/antonepple/.m2/repository/com/dukescript/starwars-js/1.0-SNAPSHOT/starwars-js-1.0-SNAPSHOT.jar:/Users/antonepple/.m2/repository/org/netbeans/html/net.java.html.boot.fx/1.3/net.java.html.boot.fx-1.3.jar:/Library/Java/JavaVirtualMachines/jdk1.8.0_92.jdk/Contents/Home/jre/lib/ext/jfxrt.jar:/Users/antonepple/.m2/repository/com/dukescript/api/junit-osgi/4.12/junit-osgi-4.12.jar:/Users/antonepple/.m2/repository/org/hamcrest/hamcrest-core/1.3/hamcrest-core-1.3.jar:/Users/antonepple/.m2/repository/com/dukescript/api/junit-browser-runner/0.8/junit-browser-runner-0.8.jar:/Users/antonepple/.m2/repository/org/apidesign/bck2brwsr/emul/0.19/emul-0.19-rt.jar:/Users/antonepple/.m2/repository/org/apidesign/bck2brwsr/emul/0.19/emul-0.19-bck2brwsr.jar:/Users/antonepple/.m2/repository/org/apidesign/bck2brwsr/launcher.http/0.19/launcher.http-0.19.jar:/Users/antonepple/.m2/repository/org/apidesign/bck2brwsr/launcher/0.19/launcher-0.19.jar:/Users/antonepple/.m2/repository/org/apidesign/bck2brwsr/launcher.fx/0.19/launcher.fx-0.19.jar:/Users/antonepple/.m2/repository/org/apidesign/bck2brwsr/core/0.19/core-0.19.jar:/Users/antonepple/.m2/repository/org/ow2/asm/asm/4.1/asm-4.1.jar:/Users/antonepple/.m2/repository/org/glassfish/grizzly/grizzly-websockets-server/2.3.3/grizzly-websockets-server-2.3.3.jar:/Users/antonepple/.m2/repository/org/glassfish/grizzly/gr
Launcher Type: SUN_STANDARD

Environment Variables:
JAVA_HOME=/Library/Java/JavaVirtualMachines/jdk1.8.0_92.jdk/Contents/Home
PATH=/usr/bin:/bin:/usr/sbin:/sbin
SHELL=/bin/bash

Signal Handlers:
SIGSEGV: [libjvm.dylib+0x5aa779], sa_mask[0]=11111111011111110111111111111111, sa_flags=SA_ONSTACK|SA_RESTART|SA_SIGINFO
SIGBUS: [libjvm.dylib+0x5aa779], sa_mask[0]=11111111011111110111111111111111, sa_flags=SA_RESTART|SA_SIGINFO
SIGFPE: [libjvm.dylib+0x4831d0], sa_mask[0]=11111111011111110111111111111111, sa_flags=SA_RESTART|SA_SIGINFO
SIGPIPE: [libjvm.dylib+0x4831d0], sa_mask[0]=11111111011111110111111111111111, sa_flags=SA_RESTART|SA_SIGINFO
SIGXFSZ: [libjvm.dylib+0x4831d0], sa_mask[0]=11111111011111110111111111111111, sa_flags=SA_RESTART|SA_SIGINFO
SIGILL: [libjvm.dylib+0x4831d0], sa_mask[0]=11111111011111110111111111111111, sa_flags=SA_RESTART|SA_SIGINFO
SIGUSR1: SIG_DFL, sa_mask[0]=00000000000000000000000000000000, sa_flags=none
SIGUSR2: [libjvm.dylib+0x482cee], sa_mask[0]=00100000000000000000000000000000, sa_flags=SA_RESTART|SA_SIGINFO
SIGHUP: [libjvm.dylib+0x4812c5], sa_mask[0]=11111111011111110111111111111111, sa_flags=SA_RESTART|SA_SIGINFO
SIGINT: SIG_IGN, sa_mask[0]=00000000000000000000000000000000, sa_flags=none
SIGTERM: [libjvm.dylib+0x4812c5], sa_mask[0]=11111111011111110111111111111111, sa_flags=SA_RESTART|SA_SIGINFO
SIGQUIT: [libjvm.dylib+0x4812c5], sa_mask[0]=11111111011111110111111111111111, sa_flags=SA_RESTART|SA_SIGINFO


---------------  S Y S T E M  ---------------

OS:Bsduname:Darwin 15.6.0 Darwin Kernel Version 15.6.0: Thu Jun 23 18:25:34 PDT 2016; root:xnu-3248.60.10~1/RELEASE_X86_64 x86_64
rlimit: STACK 8192k, CORE 0k, NPROC 709, NOFILE 10240, AS infinity
load average:2.86 2.74 2.41

CPU:total 8 (4 cores per cpu, 2 threads per core) family 6 model 58 stepping 9, cmov, cx8, fxsr, mmx, sse, sse2, sse3, ssse3, sse4.1, sse4.2, popcnt, avx, aes, clmul, erms, ht, tsc, tscinvbit, tscinv

Memory: 4k page, physical 16777216k(1629820k free)

/proc/meminfo:


vm_info: Java HotSpot(TM) 64-Bit Server VM (25.92-b14) for bsd-amd64 JRE (1.8.0_92-b14), built on Mar 31 2016 21:23:14 by "java_re" with gcc 4.2.1 (Based on Apple Inc. build 5658) (LLVM build 2336.11.00)

time: Tue Sep  6 18:00:38 2016
elapsed time: 51 seconds (0d 0h 0m 51s)

